Using pre-set license
Built from '2021.3/staging' branch; Version is '2021.3.1f1 (3b70a0754835) revision 3895456'; Using compiler version '192829333'; Build Type 'Release'
OS: 'Windows 11  (10.0.22000) 64bit Core' Language: 'de' Physical Memory: 32601 MB
BatchMode: 1, IsHumanControllingUs: 0, StartBugReporterOnCrash: 0, Is64bit: 1, IsPro: 1

COMMAND LINE ARGUMENTS:
C:\Program Files\Unity 2021.3.1f1\Editor\Unity.exe
-adb2
-batchMode
-noUpm
-name
AssetImportWorker6
-projectPath
C:/Users/lukas/LeererOrdner/Semester2
-logFile
Logs/AssetImportWorker6.log
-srvPort
63101
Successfully changed project path to: C:/Users/lukas/LeererOrdner/Semester2
C:/Users/lukas/LeererOrdner/Semester2
[UnityMemory] Configuration Parameters - Can be set up in boot.config
    "memorysetup-bucket-allocator-granularity=16"
    "memorysetup-bucket-allocator-bucket-count=8"
    "memorysetup-bucket-allocator-block-size=33554432"
    "memorysetup-bucket-allocator-block-count=8"
    "memorysetup-main-allocator-block-size=16777216"
    "memorysetup-thread-allocator-block-size=16777216"
    "memorysetup-gfx-main-allocator-block-size=16777216"
    "memorysetup-gfx-thread-allocator-block-size=16777216"
    "memorysetup-cache-allocator-block-size=4194304"
    "memorysetup-typetree-allocator-block-size=2097152"
    "memorysetup-profiler-bucket-allocator-granularity=16"
    "memorysetup-profiler-bucket-allocator-bucket-count=8"
    "memorysetup-profiler-bucket-allocator-block-size=33554432"
    "memorysetup-profiler-bucket-allocator-block-count=8"
    "memorysetup-profiler-allocator-block-size=16777216"
    "memorysetup-profiler-editor-allocator-block-size=1048576"
    "memorysetup-temp-allocator-size-main=16777216"
    "memorysetup-job-temp-allocator-block-size=2097152"
    "memorysetup-job-temp-allocator-block-size-background=1048576"
    "memorysetup-job-temp-allocator-reduction-small-platforms=262144"
    "memorysetup-temp-allocator-size-background-worker=32768"
    "memorysetup-temp-allocator-size-job-worker=262144"
    "memorysetup-temp-allocator-size-preload-manager=33554432"
    "memorysetup-temp-allocator-size-nav-mesh-worker=65536"
    "memorysetup-temp-allocator-size-audio-worker=65536"
    "memorysetup-temp-allocator-size-cloud-worker=32768"
    "memorysetup-temp-allocator-size-gi-baking-worker=262144"
    "memorysetup-temp-allocator-size-gfx=262144"
Refreshing native plugins compatible for Editor in 125.21 ms, found 4 plugins.
Preloading 0 native plugins for Editor in 0.00 ms.
Initialize engine version: 2021.3.1f1 (3b70a0754835)
[Subsystems] Discovering subsystems at path C:/Program Files/Unity 2021.3.1f1/Editor/Data/Resources/UnitySubsystems
[Subsystems] Discovering subsystems at path C:/Users/lukas/LeererOrdner/Semester2/Assets
GfxDevice: creating device client; threaded=0; jobified=0
Direct3D:
    Version:  Direct3D 11.0 [level 11.1]
    Renderer: NVIDIA GeForce RTX 2070 Super (ID=0x1e91)
    Vendor:   NVIDIA
    VRAM:     8012 MB
    Driver:   30.0.15.1295
Initialize mono
Mono path[0] = 'C:/Program Files/Unity 2021.3.1f1/Editor/Data/Managed'
Mono path[1] = 'C:/Program Files/Unity 2021.3.1f1/Editor/Data/MonoBleedingEdge/lib/mono/unityjit-win32'
Mono config path = 'C:/Program Files/Unity 2021.3.1f1/Editor/Data/MonoBleedingEdge/etc'
Using monoOptions --debugger-agent=transport=dt_socket,embedding=1,server=y,suspend=n,address=127.0.0.1:56584
Begin MonoManager ReloadAssembly
Registering precompiled unity dll's ...
Register platform support module: C:/Program Files/Unity 2021.3.1f1/Editor/Data/PlaybackEngines/WindowsStandaloneSupport/UnityEditor.WindowsStandalone.Extensions.dll
Registered in 0.003591 seconds.
Native extension for WindowsStandalone target not found
Refreshing native plugins compatible for Editor in 105.73 ms, found 4 plugins.
Preloading 0 native plugins for Editor in 0.00 ms.
Mono: successfully reloaded assembly
- Completed reload, in  0.694 seconds
Domain Reload Profiling:
	ReloadAssembly (694ms)
		BeginReloadAssembly (69ms)
			ExecutionOrderSort (0ms)
			DisableScriptedObjects (0ms)
			BackupInstance (0ms)
			ReleaseScriptingObjects (0ms)
			CreateAndSetChildDomain (1ms)
		EndReloadAssembly (505ms)
			LoadAssemblies (67ms)
			RebuildTransferFunctionScriptingTraits (0ms)
			SetupTypeCache (102ms)
			ReleaseScriptCaches (0ms)
			RebuildScriptCaches (26ms)
			SetupLoadedEditorAssemblies (330ms)
				LogAssemblyErrors (0ms)
				InitializePlatformSupportModulesInManaged (6ms)
				SetLoadedEditorAssemblies (0ms)
				RefreshPlugins (106ms)
				BeforeProcessingInitializeOnLoad (1ms)
				ProcessInitializeOnLoadAttributes (166ms)
				ProcessInitializeOnLoadMethodAttributes (50ms)
				AfterProcessingInitializeOnLoad (0ms)
				EditorAssembliesLoaded (0ms)
			ExecutionOrderSort2 (0ms)
			AwakeInstancesAfterBackupRestoration (0ms)
Platform modules already initialized, skipping
Registering precompiled user dll's ...
Registered in 0.006948 seconds.
Begin MonoManager ReloadAssembly
Symbol file LoadedFromMemory doesn't match image C:\Users\lukas\LeererOrdner\Semester2\Library\PackageCache\com.unity.visualscripting@1.7.6\Editor\VisualScripting.Core\Dependencies\YamlDotNet\Unity.VisualScripting.YamlDotNet.dll
Symbol file LoadedFromMemory doesn't match image C:\Users\lukas\LeererOrdner\Semester2\Library\PackageCache\com.unity.visualscripting@1.7.6\Editor\VisualScripting.Core\Dependencies\DotNetZip\Unity.VisualScripting.IonicZip.dll
Native extension for WindowsStandalone target not found
Refreshing native plugins compatible for Editor in 107.83 ms, found 4 plugins.
Preloading 0 native plugins for Editor in 0.00 ms.
Mono: successfully reloaded assembly
- Completed reload, in  1.189 seconds
Domain Reload Profiling:
	ReloadAssembly (1190ms)
		BeginReloadAssembly (96ms)
			ExecutionOrderSort (0ms)
			DisableScriptedObjects (5ms)
			BackupInstance (0ms)
			ReleaseScriptingObjects (0ms)
			CreateAndSetChildDomain (16ms)
		EndReloadAssembly (986ms)
			LoadAssemblies (74ms)
			RebuildTransferFunctionScriptingTraits (0ms)
			SetupTypeCache (246ms)
			ReleaseScriptCaches (1ms)
			RebuildScriptCaches (64ms)
			SetupLoadedEditorAssemblies (560ms)
				LogAssemblyErrors (0ms)
				InitializePlatformSupportModulesInManaged (4ms)
				SetLoadedEditorAssemblies (0ms)
				RefreshPlugins (108ms)
				BeforeProcessingInitializeOnLoad (106ms)
				ProcessInitializeOnLoadAttributes (248ms)
				ProcessInitializeOnLoadMethodAttributes (86ms)
				AfterProcessingInitializeOnLoad (7ms)
				EditorAssembliesLoaded (0ms)
			ExecutionOrderSort2 (0ms)
			AwakeInstancesAfterBackupRestoration (5ms)
Platform modules already initialized, skipping
========================================================================
Worker process is ready to serve import requests
Launched and connected shader compiler UnityShaderCompiler.exe after 0.04 seconds
Refreshing native plugins compatible for Editor in 1.03 ms, found 4 plugins.
Preloading 0 native plugins for Editor in 0.00 ms.
Unloading 5681 Unused Serialized files (Serialized files now loaded: 0)
Unloading 69 unused Assets / (1.3 MB). Loaded Objects now: 6119.
Memory consumption went from 221.5 MB to 220.2 MB.
Total: 3.777500 ms (FindLiveObjects: 0.410100 ms CreateObjectMapping: 0.390900 ms MarkObjects: 2.556200 ms  DeleteObjects: 0.419700 ms)

AssetImportParameters requested are different than current active one (requested -> active):
  custom:video-decoder-ogg-theora: a1e56fd34408186e4bbccfd4996cb3dc -> 
  custom:container-muxer-webm: aa71ff27fc2769a1b78a27578f13a17b -> 
  custom:container-demuxer-webm: 4f35f7cbe854078d1ac9338744f61a02 -> 
  custom:video-encoder-webm-vp8: eb34c28f22e8b96e1ab97ce403110664 -> 
  custom:video-codec-MediaFoundation-h265: 746d11721c4dcdbdad8f713fa42b33f4 -> 
  custom:audio-encoder-webm-vorbis: bf7c407c2cedff20999df2af8eb42d56 -> 
  custom:framework-win-MediaFoundation: 216162199b28c13a410421893ffa2e32 -> 
  custom:container-demuxer-ogg: 62fdf1f143b41e24485cea50d1cbac27 -> 
  custom:video-decoder-webm-vp8: 9c59270c3fd7afecdb556c50c9e8de78 -> 
  custom:audio-decoder-ogg-vorbis: bf7c407c2cedff20999df2af8eb42d56 -> 
========================================================================
Received Prepare
Registering precompiled user dll's ...
Registered in 0.008478 seconds.
Begin MonoManager ReloadAssembly
Symbol file LoadedFromMemory doesn't match image C:\Users\lukas\LeererOrdner\Semester2\Library\PackageCache\com.unity.visualscripting@1.7.6\Editor\VisualScripting.Core\Dependencies\YamlDotNet\Unity.VisualScripting.YamlDotNet.dll
Symbol file LoadedFromMemory doesn't match image C:\Users\lukas\LeererOrdner\Semester2\Library\PackageCache\com.unity.visualscripting@1.7.6\Editor\VisualScripting.Core\Dependencies\DotNetZip\Unity.VisualScripting.IonicZip.dll
Native extension for WindowsStandalone target not found
Refreshing native plugins compatible for Editor in 1.20 ms, found 4 plugins.
Preloading 0 native plugins for Editor in 0.00 ms.
Mono: successfully reloaded assembly
- Completed reload, in  1.376 seconds
Domain Reload Profiling:
	ReloadAssembly (1377ms)
		BeginReloadAssembly (129ms)
			ExecutionOrderSort (0ms)
			DisableScriptedObjects (6ms)
			BackupInstance (0ms)
			ReleaseScriptingObjects (0ms)
			CreateAndSetChildDomain (38ms)
		EndReloadAssembly (1137ms)
			LoadAssemblies (83ms)
			RebuildTransferFunctionScriptingTraits (0ms)
			SetupTypeCache (318ms)
			ReleaseScriptCaches (3ms)
			RebuildScriptCaches (73ms)
			SetupLoadedEditorAssemblies (577ms)
				LogAssemblyErrors (0ms)
				InitializePlatformSupportModulesInManaged (14ms)
				SetLoadedEditorAssemblies (1ms)
				RefreshPlugins (1ms)
				BeforeProcessingInitializeOnLoad (106ms)
				ProcessInitializeOnLoadAttributes (321ms)
				ProcessInitializeOnLoadMethodAttributes (125ms)
				AfterProcessingInitializeOnLoad (10ms)
				EditorAssembliesLoaded (0ms)
			ExecutionOrderSort2 (0ms)
			AwakeInstancesAfterBackupRestoration (14ms)
Platform modules already initialized, skipping
Refreshing native plugins compatible for Editor in 3.36 ms, found 4 plugins.
Preloading 0 native plugins for Editor in 0.00 ms.
Unloading 5561 Unused Serialized files (Serialized files now loaded: 0)
Unloading 44 unused Assets / (1.3 MB). Loaded Objects now: 6134.
Memory consumption went from 213.7 MB to 212.4 MB.
Total: 4.447200 ms (FindLiveObjects: 0.399600 ms CreateObjectMapping: 0.381200 ms MarkObjects: 3.027100 ms  DeleteObjects: 0.638300 ms)

AssetImportParameters requested are different than current active one (requested -> active):
  custom:video-decoder-ogg-theora: a1e56fd34408186e4bbccfd4996cb3dc -> 
  custom:container-muxer-webm: aa71ff27fc2769a1b78a27578f13a17b -> 
  custom:container-demuxer-webm: 4f35f7cbe854078d1ac9338744f61a02 -> 
  custom:video-encoder-webm-vp8: eb34c28f22e8b96e1ab97ce403110664 -> 
  custom:video-codec-MediaFoundation-h265: 746d11721c4dcdbdad8f713fa42b33f4 -> 
  custom:audio-encoder-webm-vorbis: bf7c407c2cedff20999df2af8eb42d56 -> 
  custom:framework-win-MediaFoundation: 216162199b28c13a410421893ffa2e32 -> 
  custom:container-demuxer-ogg: 62fdf1f143b41e24485cea50d1cbac27 -> 
  custom:video-decoder-webm-vp8: 9c59270c3fd7afecdb556c50c9e8de78 -> 
  custom:audio-decoder-ogg-vorbis: bf7c407c2cedff20999df2af8eb42d56 -> 
========================================================================
Received Prepare
Registering precompiled user dll's ...
Registered in 0.006209 seconds.
Begin MonoManager ReloadAssembly
Symbol file LoadedFromMemory doesn't match image C:\Users\lukas\LeererOrdner\Semester2\Library\PackageCache\com.unity.visualscripting@1.7.6\Editor\VisualScripting.Core\Dependencies\YamlDotNet\Unity.VisualScripting.YamlDotNet.dll
Symbol file LoadedFromMemory doesn't match image C:\Users\lukas\LeererOrdner\Semester2\Library\PackageCache\com.unity.visualscripting@1.7.6\Editor\VisualScripting.Core\Dependencies\DotNetZip\Unity.VisualScripting.IonicZip.dll
Native extension for WindowsStandalone target not found
Refreshing native plugins compatible for Editor in 1.12 ms, found 4 plugins.
Preloading 0 native plugins for Editor in 0.00 ms.
Mono: successfully reloaded assembly
- Completed reload, in  1.245 seconds
Domain Reload Profiling:
	ReloadAssembly (1246ms)
		BeginReloadAssembly (131ms)
			ExecutionOrderSort (0ms)
			DisableScriptedObjects (7ms)
			BackupInstance (0ms)
			ReleaseScriptingObjects (0ms)
			CreateAndSetChildDomain (37ms)
		EndReloadAssembly (1021ms)
			LoadAssemblies (84ms)
			RebuildTransferFunctionScriptingTraits (0ms)
			SetupTypeCache (281ms)
			ReleaseScriptCaches (2ms)
			RebuildScriptCaches (68ms)
			SetupLoadedEditorAssemblies (518ms)
				LogAssemblyErrors (0ms)
				InitializePlatformSupportModulesInManaged (15ms)
				SetLoadedEditorAssemblies (1ms)
				RefreshPlugins (1ms)
				BeforeProcessingInitializeOnLoad (103ms)
				ProcessInitializeOnLoadAttributes (291ms)
				ProcessInitializeOnLoadMethodAttributes (101ms)
				AfterProcessingInitializeOnLoad (7ms)
				EditorAssembliesLoaded (0ms)
			ExecutionOrderSort2 (0ms)
			AwakeInstancesAfterBackupRestoration (11ms)
Platform modules already initialized, skipping
Refreshing native plugins compatible for Editor in 3.25 ms, found 4 plugins.
Preloading 0 native plugins for Editor in 0.00 ms.
Unloading 5561 Unused Serialized files (Serialized files now loaded: 0)
Unloading 44 unused Assets / (1.3 MB). Loaded Objects now: 6149.
Memory consumption went from 213.8 MB to 212.5 MB.
Total: 7.368900 ms (FindLiveObjects: 0.613200 ms CreateObjectMapping: 0.868500 ms MarkObjects: 4.502900 ms  DeleteObjects: 1.383100 ms)

AssetImportParameters requested are different than current active one (requested -> active):
  custom:video-decoder-ogg-theora: a1e56fd34408186e4bbccfd4996cb3dc -> 
  custom:container-muxer-webm: aa71ff27fc2769a1b78a27578f13a17b -> 
  custom:container-demuxer-webm: 4f35f7cbe854078d1ac9338744f61a02 -> 
  custom:video-encoder-webm-vp8: eb34c28f22e8b96e1ab97ce403110664 -> 
  custom:video-codec-MediaFoundation-h265: 746d11721c4dcdbdad8f713fa42b33f4 -> 
  custom:audio-encoder-webm-vorbis: bf7c407c2cedff20999df2af8eb42d56 -> 
  custom:framework-win-MediaFoundation: 216162199b28c13a410421893ffa2e32 -> 
  custom:container-demuxer-ogg: 62fdf1f143b41e24485cea50d1cbac27 -> 
  custom:video-decoder-webm-vp8: 9c59270c3fd7afecdb556c50c9e8de78 -> 
  custom:audio-decoder-ogg-vorbis: bf7c407c2cedff20999df2af8eb42d56 -> 
========================================================================
Received Prepare
Registering precompiled user dll's ...
Registered in 0.006117 seconds.
Begin MonoManager ReloadAssembly
Symbol file LoadedFromMemory doesn't match image C:\Users\lukas\LeererOrdner\Semester2\Library\PackageCache\com.unity.visualscripting@1.7.6\Editor\VisualScripting.Core\Dependencies\YamlDotNet\Unity.VisualScripting.YamlDotNet.dll
Symbol file LoadedFromMemory doesn't match image C:\Users\lukas\LeererOrdner\Semester2\Library\PackageCache\com.unity.visualscripting@1.7.6\Editor\VisualScripting.Core\Dependencies\DotNetZip\Unity.VisualScripting.IonicZip.dll
Native extension for WindowsStandalone target not found
Refreshing native plugins compatible for Editor in 1.06 ms, found 4 plugins.
Preloading 0 native plugins for Editor in 0.00 ms.
Mono: successfully reloaded assembly
- Completed reload, in  1.216 seconds
Domain Reload Profiling:
	ReloadAssembly (1217ms)
		BeginReloadAssembly (119ms)
			ExecutionOrderSort (0ms)
			DisableScriptedObjects (6ms)
			BackupInstance (0ms)
			ReleaseScriptingObjects (0ms)
			CreateAndSetChildDomain (35ms)
		EndReloadAssembly (992ms)
			LoadAssemblies (88ms)
			RebuildTransferFunctionScriptingTraits (0ms)
			SetupTypeCache (263ms)
			ReleaseScriptCaches (2ms)
			RebuildScriptCaches (64ms)
			SetupLoadedEditorAssemblies (509ms)
				LogAssemblyErrors (0ms)
				InitializePlatformSupportModulesInManaged (14ms)
				SetLoadedEditorAssemblies (1ms)
				RefreshPlugins (1ms)
				BeforeProcessingInitializeOnLoad (98ms)
				ProcessInitializeOnLoadAttributes (288ms)
				ProcessInitializeOnLoadMethodAttributes (101ms)
				AfterProcessingInitializeOnLoad (6ms)
				EditorAssembliesLoaded (0ms)
			ExecutionOrderSort2 (0ms)
			AwakeInstancesAfterBackupRestoration (9ms)
Platform modules already initialized, skipping
Refreshing native plugins compatible for Editor in 3.25 ms, found 4 plugins.
Preloading 0 native plugins for Editor in 0.00 ms.
Unloading 5561 Unused Serialized files (Serialized files now loaded: 0)
Unloading 44 unused Assets / (1.3 MB). Loaded Objects now: 6164.
Memory consumption went from 213.8 MB to 212.5 MB.
Total: 5.063200 ms (FindLiveObjects: 0.493800 ms CreateObjectMapping: 0.670600 ms MarkObjects: 3.125600 ms  DeleteObjects: 0.772300 ms)

AssetImportParameters requested are different than current active one (requested -> active):
  custom:video-decoder-ogg-theora: a1e56fd34408186e4bbccfd4996cb3dc -> 
  custom:container-muxer-webm: aa71ff27fc2769a1b78a27578f13a17b -> 
  custom:container-demuxer-webm: 4f35f7cbe854078d1ac9338744f61a02 -> 
  custom:video-encoder-webm-vp8: eb34c28f22e8b96e1ab97ce403110664 -> 
  custom:video-codec-MediaFoundation-h265: 746d11721c4dcdbdad8f713fa42b33f4 -> 
  custom:audio-encoder-webm-vorbis: bf7c407c2cedff20999df2af8eb42d56 -> 
  custom:framework-win-MediaFoundation: 216162199b28c13a410421893ffa2e32 -> 
  custom:container-demuxer-ogg: 62fdf1f143b41e24485cea50d1cbac27 -> 
  custom:video-decoder-webm-vp8: 9c59270c3fd7afecdb556c50c9e8de78 -> 
  custom:audio-decoder-ogg-vorbis: bf7c407c2cedff20999df2af8eb42d56 -> 
========================================================================
Received Prepare
Registering precompiled user dll's ...
Registered in 0.006067 seconds.
Begin MonoManager ReloadAssembly
Symbol file LoadedFromMemory doesn't match image C:\Users\lukas\LeererOrdner\Semester2\Library\PackageCache\com.unity.visualscripting@1.7.6\Editor\VisualScripting.Core\Dependencies\YamlDotNet\Unity.VisualScripting.YamlDotNet.dll
Symbol file LoadedFromMemory doesn't match image C:\Users\lukas\LeererOrdner\Semester2\Library\PackageCache\com.unity.visualscripting@1.7.6\Editor\VisualScripting.Core\Dependencies\DotNetZip\Unity.VisualScripting.IonicZip.dll
Native extension for WindowsStandalone target not found
Refreshing native plugins compatible for Editor in 1.14 ms, found 4 plugins.
Preloading 0 native plugins for Editor in 0.00 ms.
Mono: successfully reloaded assembly
- Completed reload, in  1.201 seconds
Domain Reload Profiling:
	ReloadAssembly (1202ms)
		BeginReloadAssembly (120ms)
			ExecutionOrderSort (0ms)
			DisableScriptedObjects (6ms)
			BackupInstance (0ms)
			ReleaseScriptingObjects (0ms)
			CreateAndSetChildDomain (34ms)
		EndReloadAssembly (987ms)
			LoadAssemblies (77ms)
			RebuildTransferFunctionScriptingTraits (0ms)
			SetupTypeCache (263ms)
			ReleaseScriptCaches (2ms)
			RebuildScriptCaches (63ms)
			SetupLoadedEditorAssemblies (511ms)
				LogAssemblyErrors (0ms)
				InitializePlatformSupportModulesInManaged (13ms)
				SetLoadedEditorAssemblies (2ms)
				RefreshPlugins (1ms)
				BeforeProcessingInitializeOnLoad (99ms)
				ProcessInitializeOnLoadAttributes (290ms)
				ProcessInitializeOnLoadMethodAttributes (100ms)
				AfterProcessingInitializeOnLoad (6ms)
				EditorAssembliesLoaded (0ms)
			ExecutionOrderSort2 (0ms)
			AwakeInstancesAfterBackupRestoration (10ms)
Platform modules already initialized, skipping
Refreshing native plugins compatible for Editor in 2.59 ms, found 4 plugins.
Preloading 0 native plugins for Editor in 0.00 ms.
Unloading 5561 Unused Serialized files (Serialized files now loaded: 0)
Unloading 44 unused Assets / (1.3 MB). Loaded Objects now: 6179.
Memory consumption went from 213.8 MB to 212.5 MB.
Total: 4.994500 ms (FindLiveObjects: 0.480200 ms CreateObjectMapping: 0.542400 ms MarkObjects: 2.963900 ms  DeleteObjects: 1.006600 ms)

AssetImportParameters requested are different than current active one (requested -> active):
  custom:video-decoder-ogg-theora: a1e56fd34408186e4bbccfd4996cb3dc -> 
  custom:container-muxer-webm: aa71ff27fc2769a1b78a27578f13a17b -> 
  custom:container-demuxer-webm: 4f35f7cbe854078d1ac9338744f61a02 -> 
  custom:video-encoder-webm-vp8: eb34c28f22e8b96e1ab97ce403110664 -> 
  custom:video-codec-MediaFoundation-h265: 746d11721c4dcdbdad8f713fa42b33f4 -> 
  custom:audio-encoder-webm-vorbis: bf7c407c2cedff20999df2af8eb42d56 -> 
  custom:framework-win-MediaFoundation: 216162199b28c13a410421893ffa2e32 -> 
  custom:container-demuxer-ogg: 62fdf1f143b41e24485cea50d1cbac27 -> 
  custom:video-decoder-webm-vp8: 9c59270c3fd7afecdb556c50c9e8de78 -> 
  custom:audio-decoder-ogg-vorbis: bf7c407c2cedff20999df2af8eb42d56 -> 
========================================================================
Received Prepare
Registering precompiled user dll's ...
Registered in 0.006177 seconds.
Begin MonoManager ReloadAssembly
Symbol file LoadedFromMemory doesn't match image C:\Users\lukas\LeererOrdner\Semester2\Library\PackageCache\com.unity.visualscripting@1.7.6\Editor\VisualScripting.Core\Dependencies\YamlDotNet\Unity.VisualScripting.YamlDotNet.dll
Symbol file LoadedFromMemory doesn't match image C:\Users\lukas\LeererOrdner\Semester2\Library\PackageCache\com.unity.visualscripting@1.7.6\Editor\VisualScripting.Core\Dependencies\DotNetZip\Unity.VisualScripting.IonicZip.dll
Native extension for WindowsStandalone target not found
Refreshing native plugins compatible for Editor in 1.36 ms, found 4 plugins.
Preloading 0 native plugins for Editor in 0.00 ms.
Mono: successfully reloaded assembly
- Completed reload, in  1.188 seconds
Domain Reload Profiling:
	ReloadAssembly (1189ms)
		BeginReloadAssembly (118ms)
			ExecutionOrderSort (0ms)
			DisableScriptedObjects (6ms)
			BackupInstance (0ms)
			ReleaseScriptingObjects (0ms)
			CreateAndSetChildDomain (36ms)
		EndReloadAssembly (969ms)
			LoadAssemblies (78ms)
			RebuildTransferFunctionScriptingTraits (0ms)
			SetupTypeCache (246ms)
			ReleaseScriptCaches (2ms)
			RebuildScriptCaches (60ms)
			SetupLoadedEditorAssemblies (513ms)
				LogAssemblyErrors (0ms)
				InitializePlatformSupportModulesInManaged (14ms)
				SetLoadedEditorAssemblies (1ms)
				RefreshPlugins (1ms)
				BeforeProcessingInitializeOnLoad (99ms)
				ProcessInitializeOnLoadAttributes (292ms)
				ProcessInitializeOnLoadMethodAttributes (98ms)
				AfterProcessingInitializeOnLoad (7ms)
				EditorAssembliesLoaded (0ms)
			ExecutionOrderSort2 (0ms)
			AwakeInstancesAfterBackupRestoration (10ms)
Platform modules already initialized, skipping
Refreshing native plugins compatible for Editor in 3.63 ms, found 4 plugins.
Preloading 0 native plugins for Editor in 0.00 ms.
Unloading 5561 Unused Serialized files (Serialized files now loaded: 0)
Unloading 44 unused Assets / (1.3 MB). Loaded Objects now: 6194.
Memory consumption went from 213.8 MB to 212.5 MB.
Total: 5.341600 ms (FindLiveObjects: 0.549500 ms CreateObjectMapping: 0.665100 ms MarkObjects: 3.373900 ms  DeleteObjects: 0.751800 ms)

AssetImportParameters requested are different than current active one (requested -> active):
  custom:video-decoder-ogg-theora: a1e56fd34408186e4bbccfd4996cb3dc -> 
  custom:container-muxer-webm: aa71ff27fc2769a1b78a27578f13a17b -> 
  custom:container-demuxer-webm: 4f35f7cbe854078d1ac9338744f61a02 -> 
  custom:video-encoder-webm-vp8: eb34c28f22e8b96e1ab97ce403110664 -> 
  custom:video-codec-MediaFoundation-h265: 746d11721c4dcdbdad8f713fa42b33f4 -> 
  custom:audio-encoder-webm-vorbis: bf7c407c2cedff20999df2af8eb42d56 -> 
  custom:framework-win-MediaFoundation: 216162199b28c13a410421893ffa2e32 -> 
  custom:container-demuxer-ogg: 62fdf1f143b41e24485cea50d1cbac27 -> 
  custom:video-decoder-webm-vp8: 9c59270c3fd7afecdb556c50c9e8de78 -> 
  custom:audio-decoder-ogg-vorbis: bf7c407c2cedff20999df2af8eb42d56 -> 
========================================================================
Received Import Request.
  Time since last request: 1198047.049845 seconds.
  path: Assets/World Assets/TileMaps/EpilipsieTileMap.prefab
  artifactKey: Guid(bf2eddd1d5cd3be45af4cd30d8cdbd42) Importer(815301076,1909f56bfc062723c751e8b465ee728b)
Start importing Assets/World Assets/TileMaps/EpilipsieTileMap.prefab using Guid(bf2eddd1d5cd3be45af4cd30d8cdbd42) Importer(815301076,1909f56bfc062723c751e8b465ee728b)  -> (artifact id: '01e7031366001ec9241ae3bf4267fbb0') in 0.257178 seconds 
========================================================================
Received Import Request.
  Time since last request: 1183.726863 seconds.
  path: Assets/Settings/Light
  artifactKey: Guid(f68d17bd748628243b07ea3a964fcc60) Importer(815301076,1909f56bfc062723c751e8b465ee728b)
Start importing Assets/Settings/Light using Guid(f68d17bd748628243b07ea3a964fcc60) Importer(815301076,1909f56bfc062723c751e8b465ee728b)  -> (artifact id: 'a751eed7d13066c812ba80de884b3508') in 0.003508 seconds 
========================================================================
Received Prepare
Registering precompiled user dll's ...
Registered in 0.005940 seconds.
Begin MonoManager ReloadAssembly
Symbol file LoadedFromMemory doesn't match image C:\Users\lukas\LeererOrdner\Semester2\Library\PackageCache\com.unity.visualscripting@1.7.6\Editor\VisualScripting.Core\Dependencies\YamlDotNet\Unity.VisualScripting.YamlDotNet.dll
Symbol file LoadedFromMemory doesn't match image C:\Users\lukas\LeererOrdner\Semester2\Library\PackageCache\com.unity.visualscripting@1.7.6\Editor\VisualScripting.Core\Dependencies\DotNetZip\Unity.VisualScripting.IonicZip.dll
Native extension for WindowsStandalone target not found
Refreshing native plugins compatible for Editor in 1.20 ms, found 4 plugins.
Preloading 0 native plugins for Editor in 0.00 ms.
Mono: successfully reloaded assembly
- Completed reload, in  1.265 seconds
Domain Reload Profiling:
	ReloadAssembly (1266ms)
		BeginReloadAssembly (134ms)
			ExecutionOrderSort (0ms)
			DisableScriptedObjects (10ms)
			BackupInstance (0ms)
			ReleaseScriptingObjects (0ms)
			CreateAndSetChildDomain (43ms)
		EndReloadAssembly (1036ms)
			LoadAssemblies (79ms)
			RebuildTransferFunctionScriptingTraits (0ms)
			SetupTypeCache (282ms)
			ReleaseScriptCaches (3ms)
			RebuildScriptCaches (67ms)
			SetupLoadedEditorAssemblies (505ms)
				LogAssemblyErrors (0ms)
				InitializePlatformSupportModulesInManaged (13ms)
				SetLoadedEditorAssemblies (1ms)
				RefreshPlugins (1ms)
				BeforeProcessingInitializeOnLoad (96ms)
				ProcessInitializeOnLoadAttributes (283ms)
				ProcessInitializeOnLoadMethodAttributes (103ms)
				AfterProcessingInitializeOnLoad (7ms)
				EditorAssembliesLoaded (0ms)
			ExecutionOrderSort2 (0ms)
			AwakeInstancesAfterBackupRestoration (15ms)
Platform modules already initialized, skipping
Refreshing native plugins compatible for Editor in 2.90 ms, found 4 plugins.
Preloading 0 native plugins for Editor in 0.00 ms.
Unloading 5568 Unused Serialized files (Serialized files now loaded: 0)
Unloading 44 unused Assets / (1.3 MB). Loaded Objects now: 6259.
Memory consumption went from 220.8 MB to 219.6 MB.
Total: 4.817000 ms (FindLiveObjects: 0.532800 ms CreateObjectMapping: 0.626000 ms MarkObjects: 3.012500 ms  DeleteObjects: 0.644100 ms)

AssetImportParameters requested are different than current active one (requested -> active):
  custom:video-decoder-ogg-theora: a1e56fd34408186e4bbccfd4996cb3dc -> 
  custom:container-muxer-webm: aa71ff27fc2769a1b78a27578f13a17b -> 
  custom:container-demuxer-webm: 4f35f7cbe854078d1ac9338744f61a02 -> 
  custom:video-encoder-webm-vp8: eb34c28f22e8b96e1ab97ce403110664 -> 
  custom:video-codec-MediaFoundation-h265: 746d11721c4dcdbdad8f713fa42b33f4 -> 
  custom:audio-encoder-webm-vorbis: bf7c407c2cedff20999df2af8eb42d56 -> 
  custom:framework-win-MediaFoundation: 216162199b28c13a410421893ffa2e32 -> 
  custom:container-demuxer-ogg: 62fdf1f143b41e24485cea50d1cbac27 -> 
  custom:video-decoder-webm-vp8: 9c59270c3fd7afecdb556c50c9e8de78 -> 
  custom:audio-decoder-ogg-vorbis: bf7c407c2cedff20999df2af8eb42d56 -> 
========================================================================
Received Import Request.
  Time since last request: 839.980568 seconds.
  path: Assets/Sprites/Player
  artifactKey: Guid(180b94efc0d088e41962228f7f1bbde7) Importer(815301076,1909f56bfc062723c751e8b465ee728b)
Start importing Assets/Sprites/Player using Guid(180b94efc0d088e41962228f7f1bbde7) Importer(815301076,1909f56bfc062723c751e8b465ee728b)  -> (artifact id: '0e752b381c700d1e5e84fb9195f9bde5') in 0.011417 seconds 
========================================================================
Received Import Request.
  Time since last request: 5.437794 seconds.
  path: Assets/Sprites/Enemys
  artifactKey: Guid(99d64cfd709f79f46bc6330beb69ce9a) Importer(815301076,1909f56bfc062723c751e8b465ee728b)
Start importing Assets/Sprites/Enemys using Guid(99d64cfd709f79f46bc6330beb69ce9a) Importer(815301076,1909f56bfc062723c751e8b465ee728b)  -> (artifact id: '3cc25321aa06d064e97ef73e0de79162') in 0.004832 seconds 
========================================================================
Received Import Request.
  Time since last request: 11.008080 seconds.
  path: Assets/Sprites/Environment
  artifactKey: Guid(61dc4577ff2fce44891c6a0670072ad4) Importer(815301076,1909f56bfc062723c751e8b465ee728b)
Start importing Assets/Sprites/Environment using Guid(61dc4577ff2fce44891c6a0670072ad4) Importer(815301076,1909f56bfc062723c751e8b465ee728b)  -> (artifact id: '850968b194d4bdf9598b6a1a9f443565') in 0.005027 seconds 
========================================================================
Received Import Request.
  Time since last request: 40.357434 seconds.
  path: Assets/Sprites/Enemys/BossEnemy
  artifactKey: Guid(3bf61e443235daa429e26de7416d665d) Importer(815301076,1909f56bfc062723c751e8b465ee728b)
Start importing Assets/Sprites/Enemys/BossEnemy using Guid(3bf61e443235daa429e26de7416d665d) Importer(815301076,1909f56bfc062723c751e8b465ee728b)  -> (artifact id: '4af794d97393bfa7e5cad661b284702d') in 0.007699 seconds 
========================================================================
Received Import Request.
  Time since last request: 13.574207 seconds.
  path: Assets/Sprites/Enemys/NormalEnemy
  artifactKey: Guid(ae8566680d4ce204d88abe857411a3c9) Importer(815301076,1909f56bfc062723c751e8b465ee728b)
Start importing Assets/Sprites/Enemys/NormalEnemy using Guid(ae8566680d4ce204d88abe857411a3c9) Importer(815301076,1909f56bfc062723c751e8b465ee728b)  -> (artifact id: '89aa240b6a3094c39ff9076e4f06b3ee') in 0.005176 seconds 
========================================================================
Received Import Request.
  Time since last request: 75.439403 seconds.
  path: Assets/Sprites/Player/New Folder
  artifactKey: Guid(e36b0c03b636fba40bb45babf3e1486a) Importer(815301076,1909f56bfc062723c751e8b465ee728b)
Start importing Assets/Sprites/Player/New Folder using Guid(e36b0c03b636fba40bb45babf3e1486a) Importer(815301076,1909f56bfc062723c751e8b465ee728b)  -> (artifact id: 'e63f2222fb3dcd18695fe5392adff75a') in 0.006018 seconds 
========================================================================
Received Import Request.
  Time since last request: 14.753006 seconds.
  path: Assets/Sprites/ChibiPlayer
  artifactKey: Guid(2272ed2be952f494e9b62913f1fe6c59) Importer(815301076,1909f56bfc062723c751e8b465ee728b)
Start importing Assets/Sprites/ChibiPlayer using Guid(2272ed2be952f494e9b62913f1fe6c59) Importer(815301076,1909f56bfc062723c751e8b465ee728b)  -> (artifact id: 'a35bba23da61859cbad586b637c290c7') in 0.002723 seconds 
========================================================================
Received Import Request.
  Time since last request: 29.239293 seconds.
  path: Assets/Sprites/MainCharakter
  artifactKey: Guid(9c533988769c6fd42bf0de31f83b33e4) Importer(815301076,1909f56bfc062723c751e8b465ee728b)
Start importing Assets/Sprites/MainCharakter using Guid(9c533988769c6fd42bf0de31f83b33e4) Importer(815301076,1909f56bfc062723c751e8b465ee728b)  -> (artifact id: '364530368a4b2fb3dcdcbcbfad062040') in 0.002409 seconds 
========================================================================
Received Import Request.
  Time since last request: 13.439664 seconds.
  path: Assets/Sprites/Environment/TileMap
  artifactKey: Guid(f23d03f2c13aa6544ae573d45a85c8a4) Importer(815301076,1909f56bfc062723c751e8b465ee728b)
Start importing Assets/Sprites/Environment/TileMap using Guid(f23d03f2c13aa6544ae573d45a85c8a4) Importer(815301076,1909f56bfc062723c751e8b465ee728b)  -> (artifact id: '526c79dbc0a095061b7f4c5b19d25b4d') in 0.005129 seconds 
========================================================================
Received Import Request.
  Time since last request: 12.414971 seconds.
  path: Assets/Extras
  artifactKey: Guid(9f0cb150ff613da44a16e0079e2aa91b) Importer(815301076,1909f56bfc062723c751e8b465ee728b)
Start importing Assets/Extras using Guid(9f0cb150ff613da44a16e0079e2aa91b) Importer(815301076,1909f56bfc062723c751e8b465ee728b)  -> (artifact id: '5689f4375f5c1dc298e58bda1da7e356') in 0.005337 seconds 
========================================================================
Received Import Request.
  Time since last request: 21.960506 seconds.
  path: Assets/Animations
  artifactKey: Guid(a0fccad5d68913d4baaeb1284d7396b0) Importer(815301076,1909f56bfc062723c751e8b465ee728b)
Start importing Assets/Animations using Guid(a0fccad5d68913d4baaeb1284d7396b0) Importer(815301076,1909f56bfc062723c751e8b465ee728b)  -> (artifact id: 'd95233fcd5a077c5f239f95cd6f98492') in 0.005112 seconds 
========================================================================
Received Import Request.
  Time since last request: 14.514074 seconds.
  path: Assets/World Assets/BlackTileMap/PlatformerDemo/Tilemap/Black
  artifactKey: Guid(54be27fb08510e34dbd19671f582af2a) Importer(815301076,1909f56bfc062723c751e8b465ee728b)
Start importing Assets/World Assets/BlackTileMap/PlatformerDemo/Tilemap/Black using Guid(54be27fb08510e34dbd19671f582af2a) Importer(815301076,1909f56bfc062723c751e8b465ee728b)  -> (artifact id: '37b7bece409e7f94237bc8e0df09052c') in 0.003049 seconds 
========================================================================
Received Import Request.
  Time since last request: 0.020728 seconds.
  path: Assets/World Assets/BlackTileMap/PlatformerDemo/Tilemap/Black/tile-corner-left-down.png
  artifactKey: Guid(e421c7733f5de1c4e866c2d8fae8c4d9) Importer(815301076,1909f56bfc062723c751e8b465ee728b)
Start importing Assets/World Assets/BlackTileMap/PlatformerDemo/Tilemap/Black/tile-corner-left-down.png using Guid(e421c7733f5de1c4e866c2d8fae8c4d9) Importer(815301076,1909f56bfc062723c751e8b465ee728b)  -> (artifact id: '88e9d855aabcb89ad7537766eafb7c2a') in 0.080064 seconds 
========================================================================
Received Import Request.
  Time since last request: 0.000019 seconds.
  path: Assets/World Assets/BlackTileMap/PlatformerDemo/Tilemap/Black/tile-slide-right-down.png
  artifactKey: Guid(b009aaf79b40ccf4ca9f2e51182e5591) Importer(815301076,1909f56bfc062723c751e8b465ee728b)
Start importing Assets/World Assets/BlackTileMap/PlatformerDemo/Tilemap/Black/tile-slide-right-down.png using Guid(b009aaf79b40ccf4ca9f2e51182e5591) Importer(815301076,1909f56bfc062723c751e8b465ee728b)  -> (artifact id: 'c28f3d5b9908a1bbff1004e20c3bd078') in 0.018884 seconds 
========================================================================
Received Import Request.
  Time since last request: 0.000023 seconds.
  path: Assets/World Assets/BlackTileMap/PlatformerDemo/Tilemap/Black/tile-slide-corner-left-down.png
  artifactKey: Guid(bb50bdaa94b52cd4fa0168abe21d22cc) Importer(815301076,1909f56bfc062723c751e8b465ee728b)
Start importing Assets/World Assets/BlackTileMap/PlatformerDemo/Tilemap/Black/tile-slide-corner-left-down.png using Guid(bb50bdaa94b52cd4fa0168abe21d22cc) Importer(815301076,1909f56bfc062723c751e8b465ee728b)  -> (artifact id: '0663ed9f066c3ac6265c44b50efd0434') in 0.019840 seconds 
========================================================================
Received Import Request.
  Time since last request: 0.000027 seconds.
  path: Assets/World Assets/BlackTileMap/PlatformerDemo/Tilemap/Black/tile-slide-corner-left-down.asset
  artifactKey: Guid(19445a47a9544c04eb951035061ae93e) Importer(815301076,1909f56bfc062723c751e8b465ee728b)
Start importing Assets/World Assets/BlackTileMap/PlatformerDemo/Tilemap/Black/tile-slide-corner-left-down.asset using Guid(19445a47a9544c04eb951035061ae93e) Importer(815301076,1909f56bfc062723c751e8b465ee728b)  -> (artifact id: 'f1175fc3807f04989352a9fdf8245e37') in 0.020161 seconds 
========================================================================
Received Import Request.
  Time since last request: 0.000022 seconds.
  path: Assets/World Assets/BlackTileMap/PlatformerDemo/Tilemap/Black/tilemap_0.asset
  artifactKey: Guid(09fdae6fda6d6c942b840d4b7389de95) Importer(815301076,1909f56bfc062723c751e8b465ee728b)
Start importing Assets/World Assets/BlackTileMap/PlatformerDemo/Tilemap/Black/tilemap_0.asset using Guid(09fdae6fda6d6c942b840d4b7389de95) Importer(815301076,1909f56bfc062723c751e8b465ee728b)  -> (artifact id: '432b0dfd15ab3cca2b6ea19587791026') in 0.012525 seconds 
========================================================================
Received Import Request.
  Time since last request: 0.000018 seconds.
  path: Assets/World Assets/BlackTileMap/PlatformerDemo/Tilemap/Black/tile-slide-corner-right-down.png
  artifactKey: Guid(89e671f441dd749438f0505087026e07) Importer(815301076,1909f56bfc062723c751e8b465ee728b)
Start importing Assets/World Assets/BlackTileMap/PlatformerDemo/Tilemap/Black/tile-slide-corner-right-down.png using Guid(89e671f441dd749438f0505087026e07) Importer(815301076,1909f56bfc062723c751e8b465ee728b)  -> (artifact id: '50311050c1af602379332e98cea6f829') in 0.022417 seconds 
========================================================================
Received Import Request.
  Time since last request: 0.000019 seconds.
  path: Assets/World Assets/BlackTileMap/PlatformerDemo/Tilemap/Black/tilemap_5.asset
  artifactKey: Guid(868bfc083d111bc4fb3199b0409700e4) Importer(815301076,1909f56bfc062723c751e8b465ee728b)
Start importing Assets/World Assets/BlackTileMap/PlatformerDemo/Tilemap/Black/tilemap_5.asset using Guid(868bfc083d111bc4fb3199b0409700e4) Importer(815301076,1909f56bfc062723c751e8b465ee728b)  -> (artifact id: 'ee176a434286453371272eb41025e895') in 0.011459 seconds 
========================================================================
Received Import Request.
  Time since last request: 0.000021 seconds.
  path: Assets/World Assets/BlackTileMap/PlatformerDemo/Tilemap/Black/tilemap_6.asset
  artifactKey: Guid(4c3a4c38924408144ae04a47190c5db8) Importer(815301076,1909f56bfc062723c751e8b465ee728b)
Start importing Assets/World Assets/BlackTileMap/PlatformerDemo/Tilemap/Black/tilemap_6.asset using Guid(4c3a4c38924408144ae04a47190c5db8) Importer(815301076,1909f56bfc062723c751e8b465ee728b)  -> (artifact id: '208b8c2354bc402e7eaf627abaf2a1a8') in 0.011801 seconds 
========================================================================
Received Import Request.
  Time since last request: 0.000035 seconds.
  path: Assets/World Assets/BlackTileMap/PlatformerDemo/Tilemap/Black/tile-slide-left-down.png
  artifactKey: Guid(68bd6f460eb1a1c4b891919cfcf5686b) Importer(815301076,1909f56bfc062723c751e8b465ee728b)
Start importing Assets/World Assets/BlackTileMap/PlatformerDemo/Tilemap/Black/tile-slide-left-down.png using Guid(68bd6f460eb1a1c4b891919cfcf5686b) Importer(815301076,1909f56bfc062723c751e8b465ee728b)  -> (artifact id: 'b5d1e9bd4eb89c3798c350f25f989108') in 0.023282 seconds 
========================================================================
Received Import Request.
  Time since last request: 0.000048 seconds.
  path: Assets/World Assets/BlackTileMap/PlatformerDemo/Tilemap/Black/tile-flat-top.png
  artifactKey: Guid(b744ddc17d3fd2040bca13133448b418) Importer(815301076,1909f56bfc062723c751e8b465ee728b)
Start importing Assets/World Assets/BlackTileMap/PlatformerDemo/Tilemap/Black/tile-flat-top.png using Guid(b744ddc17d3fd2040bca13133448b418) Importer(815301076,1909f56bfc062723c751e8b465ee728b)  -> (artifact id: 'c85cc78454be6d3961bbef1209412b59') in 0.018692 seconds 
========================================================================
Received Import Request.
  Time since last request: 0.000021 seconds.
  path: Assets/World Assets/BlackTileMap/PlatformerDemo/Tilemap/Black/tile-flat-left.png
  artifactKey: Guid(a71661601f5d0b24e946696d1e09274b) Importer(815301076,1909f56bfc062723c751e8b465ee728b)
Start importing Assets/World Assets/BlackTileMap/PlatformerDemo/Tilemap/Black/tile-flat-left.png using Guid(a71661601f5d0b24e946696d1e09274b) Importer(815301076,1909f56bfc062723c751e8b465ee728b)  -> (artifact id: '81f1ca8b2b8a36f762fb07290b288d96') in 0.017905 seconds 
========================================================================
Received Import Request.
  Time since last request: 0.000025 seconds.
  path: Assets/World Assets/BlackTileMap/PlatformerDemo/Tilemap/Black/tilemap_9.asset
  artifactKey: Guid(fd9c6be6b2909544c98085d0c337bfcc) Importer(815301076,1909f56bfc062723c751e8b465ee728b)
Start importing Assets/World Assets/BlackTileMap/PlatformerDemo/Tilemap/Black/tilemap_9.asset using Guid(fd9c6be6b2909544c98085d0c337bfcc) Importer(815301076,1909f56bfc062723c751e8b465ee728b)  -> (artifact id: 'f8388b7e3da1d9c1b625195c947a1701') in 0.013081 seconds 
========================================================================
Received Import Request.
  Time since last request: 0.000030 seconds.
  path: Assets/World Assets/BlackTileMap/PlatformerDemo/Tilemap/Black/tilemap_10.asset
  artifactKey: Guid(b8f5a40b7e8287643909acb1479b1e0e) Importer(815301076,1909f56bfc062723c751e8b465ee728b)
Start importing Assets/World Assets/BlackTileMap/PlatformerDemo/Tilemap/Black/tilemap_10.asset using Guid(b8f5a40b7e8287643909acb1479b1e0e) Importer(815301076,1909f56bfc062723c751e8b465ee728b)  -> (artifact id: 'a620c402c876714f32d49a42ffd70139') in 0.018334 seconds 
========================================================================
Received Import Request.
  Time since last request: 0.000072 seconds.
  path: Assets/World Assets/BlackTileMap/PlatformerDemo/Tilemap/Black/tile-slide-right.png
  artifactKey: Guid(bc5ab3a00dbef2648a95c20d90cae609) Importer(815301076,1909f56bfc062723c751e8b465ee728b)
Start importing Assets/World Assets/BlackTileMap/PlatformerDemo/Tilemap/Black/tile-slide-right.png using Guid(bc5ab3a00dbef2648a95c20d90cae609) Importer(815301076,1909f56bfc062723c751e8b465ee728b)  -> (artifact id: '23f086b52396ae2f0d475b2bd8fd8e16') in 0.017538 seconds 
========================================================================
Received Import Request.
  Time since last request: 0.000022 seconds.
  path: Assets/World Assets/BlackTileMap/PlatformerDemo/Tilemap/Black/tilemap_3.asset
  artifactKey: Guid(84c89209ecaab8143ad3cf14f2be3043) Importer(815301076,1909f56bfc062723c751e8b465ee728b)
Start importing Assets/World Assets/BlackTileMap/PlatformerDemo/Tilemap/Black/tilemap_3.asset using Guid(84c89209ecaab8143ad3cf14f2be3043) Importer(815301076,1909f56bfc062723c751e8b465ee728b)  -> (artifact id: 'd2c1ce06ec0748ef7a8ccaee84df978c') in 0.012311 seconds 
========================================================================
Received Import Request.
  Time since last request: 0.000021 seconds.
  path: Assets/World Assets/BlackTileMap/PlatformerDemo/Tilemap/Black/tilemap_11.asset
  artifactKey: Guid(8e20ae6049bf2784fac477472c172487) Importer(815301076,1909f56bfc062723c751e8b465ee728b)
Start importing Assets/World Assets/BlackTileMap/PlatformerDemo/Tilemap/Black/tilemap_11.asset using Guid(8e20ae6049bf2784fac477472c172487) Importer(815301076,1909f56bfc062723c751e8b465ee728b)  -> (artifact id: 'bc5a3255afe0ce80da3e065675bc3495') in 0.013534 seconds 
========================================================================
Received Import Request.
  Time since last request: 0.000030 seconds.
  path: Assets/World Assets/BlackTileMap/PlatformerDemo/Tilemap/Black/tilemap_4.asset
  artifactKey: Guid(732424989e347fa4cadc5c837451a7c7) Importer(815301076,1909f56bfc062723c751e8b465ee728b)
Start importing Assets/World Assets/BlackTileMap/PlatformerDemo/Tilemap/Black/tilemap_4.asset using Guid(732424989e347fa4cadc5c837451a7c7) Importer(815301076,1909f56bfc062723c751e8b465ee728b)  -> (artifact id: '0e6a0bd5197c13c63ab50a40dd2a177d') in 0.010896 seconds 
Editor requested this worker to shutdown with reason: Scaling down because of idle timeout
AssetImportWorker is now disconnected from the server
Process exiting
Exiting without the bug reporter. Application will terminate with return code 0