Using pre-set license
Built from '2021.3/staging' branch; Version is '2021.3.1f1 (3b70a0754835) revision 3895456'; Using compiler version '192829333'; Build Type 'Release'
OS: 'Windows 11  (10.0.22000) 64bit Core' Language: 'de' Physical Memory: 32601 MB
BatchMode: 1, IsHumanControllingUs: 0, StartBugReporterOnCrash: 0, Is64bit: 1, IsPro: 1

COMMAND LINE ARGUMENTS:
C:\Program Files\Unity 2021.3.1f1\Editor\Unity.exe
-adb2
-batchMode
-noUpm
-name
AssetImportWorker4
-projectPath
C:/Users/lukas/LeererOrdner/Semester2
-logFile
Logs/AssetImportWorker4.log
-srvPort
63101
Successfully changed project path to: C:/Users/lukas/LeererOrdner/Semester2
C:/Users/lukas/LeererOrdner/Semester2
[UnityMemory] Configuration Parameters - Can be set up in boot.config
    "memorysetup-bucket-allocator-granularity=16"
    "memorysetup-bucket-allocator-bucket-count=8"
    "memorysetup-bucket-allocator-block-size=33554432"
    "memorysetup-bucket-allocator-block-count=8"
    "memorysetup-main-allocator-block-size=16777216"
    "memorysetup-thread-allocator-block-size=16777216"
    "memorysetup-gfx-main-allocator-block-size=16777216"
    "memorysetup-gfx-thread-allocator-block-size=16777216"
    "memorysetup-cache-allocator-block-size=4194304"
    "memorysetup-typetree-allocator-block-size=2097152"
    "memorysetup-profiler-bucket-allocator-granularity=16"
    "memorysetup-profiler-bucket-allocator-bucket-count=8"
    "memorysetup-profiler-bucket-allocator-block-size=33554432"
    "memorysetup-profiler-bucket-allocator-block-count=8"
    "memorysetup-profiler-allocator-block-size=16777216"
    "memorysetup-profiler-editor-allocator-block-size=1048576"
    "memorysetup-temp-allocator-size-main=16777216"
    "memorysetup-job-temp-allocator-block-size=2097152"
    "memorysetup-job-temp-allocator-block-size-background=1048576"
    "memorysetup-job-temp-allocator-reduction-small-platforms=262144"
    "memorysetup-temp-allocator-size-background-worker=32768"
    "memorysetup-temp-allocator-size-job-worker=262144"
    "memorysetup-temp-allocator-size-preload-manager=33554432"
    "memorysetup-temp-allocator-size-nav-mesh-worker=65536"
    "memorysetup-temp-allocator-size-audio-worker=65536"
    "memorysetup-temp-allocator-size-cloud-worker=32768"
    "memorysetup-temp-allocator-size-gi-baking-worker=262144"
    "memorysetup-temp-allocator-size-gfx=262144"
Refreshing native plugins compatible for Editor in 125.21 ms, found 4 plugins.
Preloading 0 native plugins for Editor in 0.00 ms.
Initialize engine version: 2021.3.1f1 (3b70a0754835)
[Subsystems] Discovering subsystems at path C:/Program Files/Unity 2021.3.1f1/Editor/Data/Resources/UnitySubsystems
[Subsystems] Discovering subsystems at path C:/Users/lukas/LeererOrdner/Semester2/Assets
GfxDevice: creating device client; threaded=0; jobified=0
Direct3D:
    Version:  Direct3D 11.0 [level 11.1]
    Renderer: NVIDIA GeForce RTX 2070 Super (ID=0x1e91)
    Vendor:   NVIDIA
    VRAM:     8012 MB
    Driver:   30.0.15.1295
Initialize mono
Mono path[0] = 'C:/Program Files/Unity 2021.3.1f1/Editor/Data/Managed'
Mono path[1] = 'C:/Program Files/Unity 2021.3.1f1/Editor/Data/MonoBleedingEdge/lib/mono/unityjit-win32'
Mono config path = 'C:/Program Files/Unity 2021.3.1f1/Editor/Data/MonoBleedingEdge/etc'
Using monoOptions --debugger-agent=transport=dt_socket,embedding=1,server=y,suspend=n,address=127.0.0.1:56156
Begin MonoManager ReloadAssembly
Registering precompiled unity dll's ...
Register platform support module: C:/Program Files/Unity 2021.3.1f1/Editor/Data/PlaybackEngines/WindowsStandaloneSupport/UnityEditor.WindowsStandalone.Extensions.dll
Registered in 0.003685 seconds.
Native extension for WindowsStandalone target not found
Refreshing native plugins compatible for Editor in 127.63 ms, found 4 plugins.
Preloading 0 native plugins for Editor in 0.00 ms.
Mono: successfully reloaded assembly
- Completed reload, in  0.738 seconds
Domain Reload Profiling:
	ReloadAssembly (739ms)
		BeginReloadAssembly (72ms)
			ExecutionOrderSort (0ms)
			DisableScriptedObjects (0ms)
			BackupInstance (0ms)
			ReleaseScriptingObjects (0ms)
			CreateAndSetChildDomain (1ms)
		EndReloadAssembly (552ms)
			LoadAssemblies (70ms)
			RebuildTransferFunctionScriptingTraits (0ms)
			SetupTypeCache (121ms)
			ReleaseScriptCaches (0ms)
			RebuildScriptCaches (28ms)
			SetupLoadedEditorAssemblies (344ms)
				LogAssemblyErrors (0ms)
				InitializePlatformSupportModulesInManaged (8ms)
				SetLoadedEditorAssemblies (0ms)
				RefreshPlugins (128ms)
				BeforeProcessingInitializeOnLoad (2ms)
				ProcessInitializeOnLoadAttributes (154ms)
				ProcessInitializeOnLoadMethodAttributes (51ms)
				AfterProcessingInitializeOnLoad (0ms)
				EditorAssembliesLoaded (0ms)
			ExecutionOrderSort2 (0ms)
			AwakeInstancesAfterBackupRestoration (0ms)
Platform modules already initialized, skipping
Registering precompiled user dll's ...
Registered in 0.006574 seconds.
Begin MonoManager ReloadAssembly
Symbol file LoadedFromMemory doesn't match image C:\Users\lukas\LeererOrdner\Semester2\Library\PackageCache\com.unity.visualscripting@1.7.6\Editor\VisualScripting.Core\Dependencies\YamlDotNet\Unity.VisualScripting.YamlDotNet.dll
Symbol file LoadedFromMemory doesn't match image C:\Users\lukas\LeererOrdner\Semester2\Library\PackageCache\com.unity.visualscripting@1.7.6\Editor\VisualScripting.Core\Dependencies\DotNetZip\Unity.VisualScripting.IonicZip.dll
Native extension for WindowsStandalone target not found
Refreshing native plugins compatible for Editor in 127.05 ms, found 4 plugins.
Preloading 0 native plugins for Editor in 0.00 ms.
Mono: successfully reloaded assembly
- Completed reload, in  1.404 seconds
Domain Reload Profiling:
	ReloadAssembly (1404ms)
		BeginReloadAssembly (118ms)
			ExecutionOrderSort (0ms)
			DisableScriptedObjects (6ms)
			BackupInstance (0ms)
			ReleaseScriptingObjects (0ms)
			CreateAndSetChildDomain (22ms)
		EndReloadAssembly (1160ms)
			LoadAssemblies (95ms)
			RebuildTransferFunctionScriptingTraits (0ms)
			SetupTypeCache (327ms)
			ReleaseScriptCaches (1ms)
			RebuildScriptCaches (94ms)
			SetupLoadedEditorAssemblies (589ms)
				LogAssemblyErrors (0ms)
				InitializePlatformSupportModulesInManaged (4ms)
				SetLoadedEditorAssemblies (0ms)
				RefreshPlugins (127ms)
				BeforeProcessingInitializeOnLoad (117ms)
				ProcessInitializeOnLoadAttributes (251ms)
				ProcessInitializeOnLoadMethodAttributes (84ms)
				AfterProcessingInitializeOnLoad (6ms)
				EditorAssembliesLoaded (0ms)
			ExecutionOrderSort2 (0ms)
			AwakeInstancesAfterBackupRestoration (5ms)
Platform modules already initialized, skipping
========================================================================
Worker process is ready to serve import requests
Launched and connected shader compiler UnityShaderCompiler.exe after 0.04 seconds
Refreshing native plugins compatible for Editor in 1.16 ms, found 4 plugins.
Preloading 0 native plugins for Editor in 0.00 ms.
Unloading 5681 Unused Serialized files (Serialized files now loaded: 0)
Unloading 69 unused Assets / (1.3 MB). Loaded Objects now: 6119.
Memory consumption went from 221.5 MB to 220.2 MB.
Total: 4.344800 ms (FindLiveObjects: 0.526000 ms CreateObjectMapping: 0.430600 ms MarkObjects: 2.667300 ms  DeleteObjects: 0.720000 ms)

AssetImportParameters requested are different than current active one (requested -> active):
  custom:video-decoder-ogg-theora: a1e56fd34408186e4bbccfd4996cb3dc -> 
  custom:container-muxer-webm: aa71ff27fc2769a1b78a27578f13a17b -> 
  custom:container-demuxer-webm: 4f35f7cbe854078d1ac9338744f61a02 -> 
  custom:video-encoder-webm-vp8: eb34c28f22e8b96e1ab97ce403110664 -> 
  custom:video-codec-MediaFoundation-h265: 746d11721c4dcdbdad8f713fa42b33f4 -> 
  custom:audio-encoder-webm-vorbis: bf7c407c2cedff20999df2af8eb42d56 -> 
  custom:framework-win-MediaFoundation: 216162199b28c13a410421893ffa2e32 -> 
  custom:container-demuxer-ogg: 62fdf1f143b41e24485cea50d1cbac27 -> 
  custom:video-decoder-webm-vp8: 9c59270c3fd7afecdb556c50c9e8de78 -> 
  custom:audio-decoder-ogg-vorbis: bf7c407c2cedff20999df2af8eb42d56 -> 
========================================================================
Received Import Request.
  Time since last request: 1196021.965138 seconds.
  path: Assets/World Assets/EpilepsieTileMap/bot_left.png
  artifactKey: Guid(6d9d3c782541ad242aa171b2ebe029f7) Importer(815301076,1909f56bfc062723c751e8b465ee728b)
Start importing Assets/World Assets/EpilepsieTileMap/bot_left.png using Guid(6d9d3c782541ad242aa171b2ebe029f7) Importer(815301076,1909f56bfc062723c751e8b465ee728b)  -> (artifact id: 'fe95bbd333ee6bb1bba67a843a723042') in 0.185694 seconds 
========================================================================
Received Import Request.
  Time since last request: 0.000025 seconds.
  path: Assets/World Assets/EpilepsieTileMap/center.png
  artifactKey: Guid(73068735cf68fc1438cd6d33d1f5a8d6) Importer(815301076,1909f56bfc062723c751e8b465ee728b)
Start importing Assets/World Assets/EpilepsieTileMap/center.png using Guid(73068735cf68fc1438cd6d33d1f5a8d6) Importer(815301076,1909f56bfc062723c751e8b465ee728b)  -> (artifact id: 'fd642e423186253a4a33c3cdd6b2221c') in 0.057776 seconds 
========================================================================
Received Import Request.
  Time since last request: 0.000030 seconds.
  path: Assets/World Assets/EpilepsieTileMap/top_left.png
  artifactKey: Guid(6d67d5da1cefe774d98d0d8a83efbab4) Importer(815301076,1909f56bfc062723c751e8b465ee728b)
Start importing Assets/World Assets/EpilepsieTileMap/top_left.png using Guid(6d67d5da1cefe774d98d0d8a83efbab4) Importer(815301076,1909f56bfc062723c751e8b465ee728b)  -> (artifact id: '8badab254c9f5fd70330973bdc43c108') in 0.081132 seconds 
========================================================================
Received Import Request.
  Time since last request: 0.000022 seconds.
  path: Assets/World Assets/EpilepsieTileMap/center_left.png
  artifactKey: Guid(ca05ab6a6a6e12a478de3cc92108c007) Importer(815301076,1909f56bfc062723c751e8b465ee728b)
Start importing Assets/World Assets/EpilepsieTileMap/center_left.png using Guid(ca05ab6a6a6e12a478de3cc92108c007) Importer(815301076,1909f56bfc062723c751e8b465ee728b)  -> (artifact id: 'd5329f312e528a55439c42ddee0f53e6') in 0.050352 seconds 
========================================================================
Received Import Request.
  Time since last request: 10.567400 seconds.
  path: Assets/World Assets/EpilepsieTileMap/bot_left.png
  artifactKey: Guid(6d9d3c782541ad242aa171b2ebe029f7) Importer(815301076,1909f56bfc062723c751e8b465ee728b)
Start importing Assets/World Assets/EpilepsieTileMap/bot_left.png using Guid(6d9d3c782541ad242aa171b2ebe029f7) Importer(815301076,1909f56bfc062723c751e8b465ee728b)  -> (artifact id: 'a84555350b35691d75b8434c2fee950d') in 0.083243 seconds 
========================================================================
Received Import Request.
  Time since last request: 0.000029 seconds.
  path: Assets/World Assets/EpilepsieTileMap/schräge_full.png
  artifactKey: Guid(0a9d3b043c656184fad337df0aace380) Importer(815301076,1909f56bfc062723c751e8b465ee728b)
Start importing Assets/World Assets/EpilepsieTileMap/schräge_full.png using Guid(0a9d3b043c656184fad337df0aace380) Importer(815301076,1909f56bfc062723c751e8b465ee728b)  -> (artifact id: '1bf6d2a0f5b5bdf8670cbc9f6f132f76') in 0.072833 seconds 
========================================================================
Received Import Request.
  Time since last request: 0.000036 seconds.
  path: Assets/World Assets/EpilepsieTileMap/center.png
  artifactKey: Guid(73068735cf68fc1438cd6d33d1f5a8d6) Importer(815301076,1909f56bfc062723c751e8b465ee728b)
Start importing Assets/World Assets/EpilepsieTileMap/center.png using Guid(73068735cf68fc1438cd6d33d1f5a8d6) Importer(815301076,1909f56bfc062723c751e8b465ee728b)  -> (artifact id: '4e2efc5d74cf61cebaa30d3079163e0e') in 0.064019 seconds 
========================================================================
Received Import Request.
  Time since last request: 0.000043 seconds.
  path: Assets/World Assets/EpilepsieTileMap/top_left.png
  artifactKey: Guid(6d67d5da1cefe774d98d0d8a83efbab4) Importer(815301076,1909f56bfc062723c751e8b465ee728b)
Start importing Assets/World Assets/EpilepsieTileMap/top_left.png using Guid(6d67d5da1cefe774d98d0d8a83efbab4) Importer(815301076,1909f56bfc062723c751e8b465ee728b)  -> (artifact id: '17bef6af520d5c576bef97af440613f1') in 0.060021 seconds 
========================================================================
Received Import Request.
  Time since last request: 0.000021 seconds.
  path: Assets/World Assets/EpilepsieTileMap/center_left.png
  artifactKey: Guid(ca05ab6a6a6e12a478de3cc92108c007) Importer(815301076,1909f56bfc062723c751e8b465ee728b)
Start importing Assets/World Assets/EpilepsieTileMap/center_left.png using Guid(ca05ab6a6a6e12a478de3cc92108c007) Importer(815301076,1909f56bfc062723c751e8b465ee728b)  -> (artifact id: '31eeee3b71f399dd1be4f972e9691dbe') in 0.049131 seconds 
========================================================================
Received Import Request.
  Time since last request: 21.058544 seconds.
  path: Assets/World Assets/EpilepsieTileMap/bot_left.png
  artifactKey: Guid(6d9d3c782541ad242aa171b2ebe029f7) Importer(815301076,1909f56bfc062723c751e8b465ee728b)
Start importing Assets/World Assets/EpilepsieTileMap/bot_left.png using Guid(6d9d3c782541ad242aa171b2ebe029f7) Importer(815301076,1909f56bfc062723c751e8b465ee728b)  -> (artifact id: 'f199937f03fbf9d97cdb80c3cac2c804') in 0.076004 seconds 
========================================================================
Received Import Request.
  Time since last request: 0.000024 seconds.
  path: Assets/World Assets/EpilepsieTileMap/Komplett.png
  artifactKey: Guid(4a758f32a684d7c42aff993c8ea38615) Importer(815301076,1909f56bfc062723c751e8b465ee728b)
Start importing Assets/World Assets/EpilepsieTileMap/Komplett.png using Guid(4a758f32a684d7c42aff993c8ea38615) Importer(815301076,1909f56bfc062723c751e8b465ee728b)  -> (artifact id: '97c4d692be37c708df1470a0031e5641') in 0.233769 seconds 
========================================================================
Received Import Request.
  Time since last request: 0.000060 seconds.
  path: Assets/World Assets/EpilepsieTileMap/center_left.png
  artifactKey: Guid(ca05ab6a6a6e12a478de3cc92108c007) Importer(815301076,1909f56bfc062723c751e8b465ee728b)
Start importing Assets/World Assets/EpilepsieTileMap/center_left.png using Guid(ca05ab6a6a6e12a478de3cc92108c007) Importer(815301076,1909f56bfc062723c751e8b465ee728b)  -> (artifact id: '2608dfba2569fb3ef1d624dc497f4477') in 0.051760 seconds 
========================================================================
Received Import Request.
  Time since last request: 18.297211 seconds.
  path: Assets/World Assets/EpilepsieTileMap/bot_left.png
  artifactKey: Guid(6d9d3c782541ad242aa171b2ebe029f7) Importer(815301076,1909f56bfc062723c751e8b465ee728b)
Start importing Assets/World Assets/EpilepsieTileMap/bot_left.png using Guid(6d9d3c782541ad242aa171b2ebe029f7) Importer(815301076,1909f56bfc062723c751e8b465ee728b)  -> (artifact id: '62b5f9fa58a7948b15be331fd5c5747e') in 0.087711 seconds 
========================================================================
Received Import Request.
  Time since last request: 0.000030 seconds.
  path: Assets/World Assets/EpilepsieTileMap/schräge_full.png
  artifactKey: Guid(0a9d3b043c656184fad337df0aace380) Importer(815301076,1909f56bfc062723c751e8b465ee728b)
Start importing Assets/World Assets/EpilepsieTileMap/schräge_full.png using Guid(0a9d3b043c656184fad337df0aace380) Importer(815301076,1909f56bfc062723c751e8b465ee728b)  -> (artifact id: 'e43d7e12f10641b54df70e2138be9416') in 0.077564 seconds 
========================================================================
Received Import Request.
  Time since last request: 0.000051 seconds.
  path: Assets/World Assets/EpilepsieTileMap/center.png
  artifactKey: Guid(73068735cf68fc1438cd6d33d1f5a8d6) Importer(815301076,1909f56bfc062723c751e8b465ee728b)
Start importing Assets/World Assets/EpilepsieTileMap/center.png using Guid(73068735cf68fc1438cd6d33d1f5a8d6) Importer(815301076,1909f56bfc062723c751e8b465ee728b)  -> (artifact id: '603f32f9ca61a1f0f594aff344c44848') in 0.061626 seconds 
========================================================================
Received Import Request.
  Time since last request: 0.000044 seconds.
  path: Assets/World Assets/EpilepsieTileMap/top_left.png
  artifactKey: Guid(6d67d5da1cefe774d98d0d8a83efbab4) Importer(815301076,1909f56bfc062723c751e8b465ee728b)
Start importing Assets/World Assets/EpilepsieTileMap/top_left.png using Guid(6d67d5da1cefe774d98d0d8a83efbab4) Importer(815301076,1909f56bfc062723c751e8b465ee728b)  -> (artifact id: 'cec33df9f291253b9142b7b6cd0f4fa3') in 0.058686 seconds 
========================================================================
Received Import Request.
  Time since last request: 0.000024 seconds.
  path: Assets/World Assets/EpilepsieTileMap/center_left.png
  artifactKey: Guid(ca05ab6a6a6e12a478de3cc92108c007) Importer(815301076,1909f56bfc062723c751e8b465ee728b)
Start importing Assets/World Assets/EpilepsieTileMap/center_left.png using Guid(ca05ab6a6a6e12a478de3cc92108c007) Importer(815301076,1909f56bfc062723c751e8b465ee728b)  -> (artifact id: 'aa73947f02ad848834231438cead43d4') in 0.048096 seconds 
========================================================================
Received Import Request.
  Time since last request: 13.771947 seconds.
  path: Assets/World Assets/EpilepsieTileMap/bot_left.png
  artifactKey: Guid(6d9d3c782541ad242aa171b2ebe029f7) Importer(815301076,1909f56bfc062723c751e8b465ee728b)
Start importing Assets/World Assets/EpilepsieTileMap/bot_left.png using Guid(6d9d3c782541ad242aa171b2ebe029f7) Importer(815301076,1909f56bfc062723c751e8b465ee728b)  -> (artifact id: '891429fcc0a71f3a1d94cfefb635aa71') in 0.091272 seconds 
========================================================================
Received Import Request.
  Time since last request: 0.000073 seconds.
  path: Assets/World Assets/EpilepsieTileMap/schräge_full.png
  artifactKey: Guid(0a9d3b043c656184fad337df0aace380) Importer(815301076,1909f56bfc062723c751e8b465ee728b)
Start importing Assets/World Assets/EpilepsieTileMap/schräge_full.png using Guid(0a9d3b043c656184fad337df0aace380) Importer(815301076,1909f56bfc062723c751e8b465ee728b)  -> (artifact id: 'dd52fc5f2f0f6c5b1fbb4ae1d49d836c') in 0.072681 seconds 
========================================================================
Received Import Request.
  Time since last request: 0.000075 seconds.
  path: Assets/World Assets/EpilepsieTileMap/center.png
  artifactKey: Guid(73068735cf68fc1438cd6d33d1f5a8d6) Importer(815301076,1909f56bfc062723c751e8b465ee728b)
Start importing Assets/World Assets/EpilepsieTileMap/center.png using Guid(73068735cf68fc1438cd6d33d1f5a8d6) Importer(815301076,1909f56bfc062723c751e8b465ee728b)  -> (artifact id: '6bd23ce0028d7a254de5e005502c0a56') in 0.044671 seconds 
========================================================================
Received Import Request.
  Time since last request: 0.000025 seconds.
  path: Assets/World Assets/EpilepsieTileMap/top_left.png
  artifactKey: Guid(6d67d5da1cefe774d98d0d8a83efbab4) Importer(815301076,1909f56bfc062723c751e8b465ee728b)
Start importing Assets/World Assets/EpilepsieTileMap/top_left.png using Guid(6d67d5da1cefe774d98d0d8a83efbab4) Importer(815301076,1909f56bfc062723c751e8b465ee728b)  -> (artifact id: 'ec5b24c180d8c38c32e55f5139f95efd') in 0.056097 seconds 
========================================================================
Received Import Request.
  Time since last request: 0.000037 seconds.
  path: Assets/World Assets/EpilepsieTileMap/center_left.png
  artifactKey: Guid(ca05ab6a6a6e12a478de3cc92108c007) Importer(815301076,1909f56bfc062723c751e8b465ee728b)
Start importing Assets/World Assets/EpilepsieTileMap/center_left.png using Guid(ca05ab6a6a6e12a478de3cc92108c007) Importer(815301076,1909f56bfc062723c751e8b465ee728b)  -> (artifact id: '93a5cb28e1f262790e295b09d29daf29') in 0.050758 seconds 
========================================================================
Received Import Request.
  Time since last request: 58.068088 seconds.
  path: Assets/UniversalRenderPipelineGlobalSettings.asset
  artifactKey: Guid(f51c9a0e8c0624a40ba42330a70bbefb) Importer(815301076,1909f56bfc062723c751e8b465ee728b)
Start importing Assets/UniversalRenderPipelineGlobalSettings.asset using Guid(f51c9a0e8c0624a40ba42330a70bbefb) Importer(815301076,1909f56bfc062723c751e8b465ee728b)  -> (artifact id: '0808aa29c7019a7d26d685a0d569cbfd') in 0.006919 seconds 
========================================================================
Received Import Request.
  Time since last request: 14.978946 seconds.
  path: Assets/Sprites/Knight_die_01.png
  artifactKey: Guid(0687bb857aad0d5468756e7d69d2e5bd) Importer(815301076,1909f56bfc062723c751e8b465ee728b)
Start importing Assets/Sprites/Knight_die_01.png using Guid(0687bb857aad0d5468756e7d69d2e5bd) Importer(815301076,1909f56bfc062723c751e8b465ee728b)  -> (artifact id: 'd00a58510ba28b8f1f7a67424e3cea6b') in 0.027218 seconds 
========================================================================
Received Import Request.
  Time since last request: 0.000019 seconds.
  path: Assets/Sprites/Knight_idle_03.png
  artifactKey: Guid(b85660733cb61194d8641c6eca377039) Importer(815301076,1909f56bfc062723c751e8b465ee728b)
Start importing Assets/Sprites/Knight_idle_03.png using Guid(b85660733cb61194d8641c6eca377039) Importer(815301076,1909f56bfc062723c751e8b465ee728b)  -> (artifact id: 'd91447144924ba3d538beca1dad4e900') in 0.029009 seconds 
========================================================================
Received Import Request.
  Time since last request: 0.000043 seconds.
  path: Assets/Sprites/Knight_respawn_02.png
  artifactKey: Guid(6bac04872d6365949bb6500334a92846) Importer(815301076,1909f56bfc062723c751e8b465ee728b)
Start importing Assets/Sprites/Knight_respawn_02.png using Guid(6bac04872d6365949bb6500334a92846) Importer(815301076,1909f56bfc062723c751e8b465ee728b)  -> (artifact id: '3c76e5020ac98a741f1879d91812b5c5') in 0.029082 seconds 
========================================================================
Received Import Request.
  Time since last request: 0.000023 seconds.
  path: Assets/Sprites/Knight_die_07.png
  artifactKey: Guid(4115d9c97991ecc498beeb0be9e457e9) Importer(815301076,1909f56bfc062723c751e8b465ee728b)
Start importing Assets/Sprites/Knight_die_07.png using Guid(4115d9c97991ecc498beeb0be9e457e9) Importer(815301076,1909f56bfc062723c751e8b465ee728b)  -> (artifact id: 'd2e023e4cfc99ece8dfd575d1b5784cb') in 0.022080 seconds 
========================================================================
Received Import Request.
  Time since last request: 0.000018 seconds.
  path: Assets/Sprites/Knight_idle_02.png
  artifactKey: Guid(cff64c58aac5e1746ab7e8feba40cde3) Importer(815301076,1909f56bfc062723c751e8b465ee728b)
Start importing Assets/Sprites/Knight_idle_02.png using Guid(cff64c58aac5e1746ab7e8feba40cde3) Importer(815301076,1909f56bfc062723c751e8b465ee728b)  -> (artifact id: 'eb02df1069007df9608ef124244755d1') in 0.021767 seconds 
========================================================================
Received Import Request.
  Time since last request: 0.000016 seconds.
  path: Assets/Sprites/Knight_die_08.png
  artifactKey: Guid(419e585983772434e94dc14eaf86aafe) Importer(815301076,1909f56bfc062723c751e8b465ee728b)
Start importing Assets/Sprites/Knight_die_08.png using Guid(419e585983772434e94dc14eaf86aafe) Importer(815301076,1909f56bfc062723c751e8b465ee728b)  -> (artifact id: '7dc4a278a4a2ab4f232204f89485f1bf') in 0.020929 seconds 
========================================================================
Received Import Request.
  Time since last request: 0.000018 seconds.
  path: Assets/Sprites/Knight_walk_04.png
  artifactKey: Guid(7a32bd03b99fbc349a61ebf2dc63947e) Importer(815301076,1909f56bfc062723c751e8b465ee728b)
Start importing Assets/Sprites/Knight_walk_04.png using Guid(7a32bd03b99fbc349a61ebf2dc63947e) Importer(815301076,1909f56bfc062723c751e8b465ee728b)  -> (artifact id: '52815133573d6c0aea9d94d29527cccd') in 0.025027 seconds 
========================================================================
Received Import Request.
  Time since last request: 0.000020 seconds.
  path: Assets/Sprites/Knight_walk_05.png
  artifactKey: Guid(63f03b9c2206fc54386fb0e739dad910) Importer(815301076,1909f56bfc062723c751e8b465ee728b)
Start importing Assets/Sprites/Knight_walk_05.png using Guid(63f03b9c2206fc54386fb0e739dad910) Importer(815301076,1909f56bfc062723c751e8b465ee728b)  -> (artifact id: '489560c3054360fbeecd8c82522b829f') in 0.026534 seconds 
========================================================================
Received Import Request.
  Time since last request: 0.000020 seconds.
  path: Assets/Sprites/Knight_walk_01.png
  artifactKey: Guid(7fd8abc7f6a14ee46bc27707fce31ec5) Importer(815301076,1909f56bfc062723c751e8b465ee728b)
Start importing Assets/Sprites/Knight_walk_01.png using Guid(7fd8abc7f6a14ee46bc27707fce31ec5) Importer(815301076,1909f56bfc062723c751e8b465ee728b)  -> (artifact id: 'bbb7a051e2fc532870171f010a171d11') in 0.024393 seconds 
========================================================================
Received Import Request.
  Time since last request: 0.000021 seconds.
  path: Assets/Sprites/Knight_die_05.png
  artifactKey: Guid(aff51d32d70e1d04bb167da096661147) Importer(815301076,1909f56bfc062723c751e8b465ee728b)
Start importing Assets/Sprites/Knight_die_05.png using Guid(aff51d32d70e1d04bb167da096661147) Importer(815301076,1909f56bfc062723c751e8b465ee728b)  -> (artifact id: '6b6110c4e465c5af9b5411b69215db18') in 0.024650 seconds 
========================================================================
Received Import Request.
  Time since last request: 0.000030 seconds.
  path: Assets/Sprites/Knight_idle_05.png
  artifactKey: Guid(49fcf7995b34be8429cb671799ecbd78) Importer(815301076,1909f56bfc062723c751e8b465ee728b)
Start importing Assets/Sprites/Knight_idle_05.png using Guid(49fcf7995b34be8429cb671799ecbd78) Importer(815301076,1909f56bfc062723c751e8b465ee728b)  -> (artifact id: 'fffb7f25597cd92dd829ab47b87ced0a') in 0.023756 seconds 
========================================================================
Received Import Request.
  Time since last request: 0.000027 seconds.
  path: Assets/Sprites/Knight_walk_02.png
  artifactKey: Guid(c56214cf88b4624459643295c5c9e151) Importer(815301076,1909f56bfc062723c751e8b465ee728b)
Start importing Assets/Sprites/Knight_walk_02.png using Guid(c56214cf88b4624459643295c5c9e151) Importer(815301076,1909f56bfc062723c751e8b465ee728b)  -> (artifact id: '75ce466f9a2a5e568b0ca51de28a0632') in 0.023967 seconds 
========================================================================
Received Import Request.
  Time since last request: 8.392069 seconds.
  path: Assets/Sprites/OldPlayer
  artifactKey: Guid(2272ed2be952f494e9b62913f1fe6c59) Importer(815301076,1909f56bfc062723c751e8b465ee728b)
Start importing Assets/Sprites/OldPlayer using Guid(2272ed2be952f494e9b62913f1fe6c59) Importer(815301076,1909f56bfc062723c751e8b465ee728b)  -> (artifact id: 'b8152b12969c8c9ee4b9e9755938ab72') in 0.003632 seconds 
========================================================================
Received Import Request.
  Time since last request: 12.525033 seconds.
  path: Assets/Sprites/NewPlayer
  artifactKey: Guid(9c533988769c6fd42bf0de31f83b33e4) Importer(815301076,1909f56bfc062723c751e8b465ee728b)
Start importing Assets/Sprites/NewPlayer using Guid(9c533988769c6fd42bf0de31f83b33e4) Importer(815301076,1909f56bfc062723c751e8b465ee728b)  -> (artifact id: 'd0f3622228429ba91ea2292abf844417') in 0.006280 seconds 
========================================================================
Received Import Request.
  Time since last request: 4.159129 seconds.
  path: Assets/Sprites/NewPlayer/MC_Side_Sketch.png
  artifactKey: Guid(7e2880d238ec20241ae22e63ce59bd75) Importer(815301076,1909f56bfc062723c751e8b465ee728b)
Start importing Assets/Sprites/NewPlayer/MC_Side_Sketch.png using Guid(7e2880d238ec20241ae22e63ce59bd75) Importer(815301076,1909f56bfc062723c751e8b465ee728b)  -> (artifact id: '6c3845675725fc6a7ec5b1fca69531f6') in 0.152658 seconds 
========================================================================
Received Import Request.
  Time since last request: 169.612320 seconds.
  path: Assets/Sprites/NewPlayer/MC_Side_Sketch1.png
  artifactKey: Guid(6196d63d2c872224495c0a2e8251e19f) Importer(815301076,1909f56bfc062723c751e8b465ee728b)
Start importing Assets/Sprites/NewPlayer/MC_Side_Sketch1.png using Guid(6196d63d2c872224495c0a2e8251e19f) Importer(815301076,1909f56bfc062723c751e8b465ee728b)  -> (artifact id: '1b20933dda7c0a0fa08443f1b6d0b601') in 0.164392 seconds 
========================================================================
Received Import Request.
  Time since last request: 12.323787 seconds.
  path: Assets/Sprites/NewPlayer/MC_Side_Sketch1.png
  artifactKey: Guid(6196d63d2c872224495c0a2e8251e19f) Importer(815301076,1909f56bfc062723c751e8b465ee728b)
Start importing Assets/Sprites/NewPlayer/MC_Side_Sketch1.png using Guid(6196d63d2c872224495c0a2e8251e19f) Importer(815301076,1909f56bfc062723c751e8b465ee728b)  -> (artifact id: '3273cd2d8a7eedd0dc17c27476aee11e') in 0.157412 seconds 
========================================================================
Received Import Request.
  Time since last request: 12.313883 seconds.
  path: Assets/Sprites/NewPlayer/MC_Side_Sketch1.png
  artifactKey: Guid(6196d63d2c872224495c0a2e8251e19f) Importer(815301076,1909f56bfc062723c751e8b465ee728b)
Start importing Assets/Sprites/NewPlayer/MC_Side_Sketch1.png using Guid(6196d63d2c872224495c0a2e8251e19f) Importer(815301076,1909f56bfc062723c751e8b465ee728b)  -> (artifact id: '5eb5d2b4439efb8e4a4df9756029b7c0') in 0.158998 seconds 
========================================================================
Received Import Request.
  Time since last request: 13.261454 seconds.
  path: Assets/Sprites/NewPlayer/MC_Side_Sketch1.png
  artifactKey: Guid(6196d63d2c872224495c0a2e8251e19f) Importer(815301076,1909f56bfc062723c751e8b465ee728b)
Start importing Assets/Sprites/NewPlayer/MC_Side_Sketch1.png using Guid(6196d63d2c872224495c0a2e8251e19f) Importer(815301076,1909f56bfc062723c751e8b465ee728b)  -> (artifact id: 'e19056c2a19729f79c3ea82bd8e9024b') in 0.159882 seconds 
========================================================================
Received Prepare
Registering precompiled user dll's ...
Registered in 0.006429 seconds.
Begin MonoManager ReloadAssembly
Symbol file LoadedFromMemory doesn't match image C:\Users\lukas\LeererOrdner\Semester2\Library\PackageCache\com.unity.visualscripting@1.7.6\Editor\VisualScripting.Core\Dependencies\YamlDotNet\Unity.VisualScripting.YamlDotNet.dll
Symbol file LoadedFromMemory doesn't match image C:\Users\lukas\LeererOrdner\Semester2\Library\PackageCache\com.unity.visualscripting@1.7.6\Editor\VisualScripting.Core\Dependencies\DotNetZip\Unity.VisualScripting.IonicZip.dll
Native extension for WindowsStandalone target not found
Refreshing native plugins compatible for Editor in 1.18 ms, found 4 plugins.
Preloading 0 native plugins for Editor in 0.00 ms.
Mono: successfully reloaded assembly
- Completed reload, in  1.272 seconds
Domain Reload Profiling:
	ReloadAssembly (1273ms)
		BeginReloadAssembly (126ms)
			ExecutionOrderSort (0ms)
			DisableScriptedObjects (6ms)
			BackupInstance (0ms)
			ReleaseScriptingObjects (0ms)
			CreateAndSetChildDomain (42ms)
		EndReloadAssembly (1042ms)
			LoadAssemblies (76ms)
			RebuildTransferFunctionScriptingTraits (0ms)
			SetupTypeCache (288ms)
			ReleaseScriptCaches (3ms)
			RebuildScriptCaches (69ms)
			SetupLoadedEditorAssemblies (527ms)
				LogAssemblyErrors (0ms)
				InitializePlatformSupportModulesInManaged (13ms)
				SetLoadedEditorAssemblies (1ms)
				RefreshPlugins (1ms)
				BeforeProcessingInitializeOnLoad (100ms)
				ProcessInitializeOnLoadAttributes (302ms)
				ProcessInitializeOnLoadMethodAttributes (103ms)
				AfterProcessingInitializeOnLoad (7ms)
				EditorAssembliesLoaded (0ms)
			ExecutionOrderSort2 (0ms)
			AwakeInstancesAfterBackupRestoration (10ms)
Platform modules already initialized, skipping
Refreshing native plugins compatible for Editor in 2.32 ms, found 4 plugins.
Preloading 0 native plugins for Editor in 0.00 ms.
Unloading 5561 Unused Serialized files (Serialized files now loaded: 0)
Unloading 44 unused Assets / (1.3 MB). Loaded Objects now: 6149.
Memory consumption went from 217.8 MB to 216.6 MB.
Total: 3.628000 ms (FindLiveObjects: 0.377700 ms CreateObjectMapping: 0.327100 ms MarkObjects: 2.462800 ms  DeleteObjects: 0.459300 ms)

AssetImportParameters requested are different than current active one (requested -> active):
  custom:video-decoder-ogg-theora: a1e56fd34408186e4bbccfd4996cb3dc -> 
  custom:container-muxer-webm: aa71ff27fc2769a1b78a27578f13a17b -> 
  custom:container-demuxer-webm: 4f35f7cbe854078d1ac9338744f61a02 -> 
  custom:video-encoder-webm-vp8: eb34c28f22e8b96e1ab97ce403110664 -> 
  custom:video-codec-MediaFoundation-h265: 746d11721c4dcdbdad8f713fa42b33f4 -> 
  custom:audio-encoder-webm-vorbis: bf7c407c2cedff20999df2af8eb42d56 -> 
  custom:framework-win-MediaFoundation: 216162199b28c13a410421893ffa2e32 -> 
  custom:container-demuxer-ogg: 62fdf1f143b41e24485cea50d1cbac27 -> 
  custom:video-decoder-webm-vp8: 9c59270c3fd7afecdb556c50c9e8de78 -> 
  custom:audio-decoder-ogg-vorbis: bf7c407c2cedff20999df2af8eb42d56 -> 
========================================================================
Received Prepare
Registering precompiled user dll's ...
Registered in 0.006280 seconds.
Begin MonoManager ReloadAssembly
Symbol file LoadedFromMemory doesn't match image C:\Users\lukas\LeererOrdner\Semester2\Library\PackageCache\com.unity.visualscripting@1.7.6\Editor\VisualScripting.Core\Dependencies\YamlDotNet\Unity.VisualScripting.YamlDotNet.dll
Symbol file LoadedFromMemory doesn't match image C:\Users\lukas\LeererOrdner\Semester2\Library\PackageCache\com.unity.visualscripting@1.7.6\Editor\VisualScripting.Core\Dependencies\DotNetZip\Unity.VisualScripting.IonicZip.dll
Native extension for WindowsStandalone target not found
Refreshing native plugins compatible for Editor in 1.48 ms, found 4 plugins.
Preloading 0 native plugins for Editor in 0.00 ms.
Mono: successfully reloaded assembly
- Completed reload, in  1.245 seconds
Domain Reload Profiling:
	ReloadAssembly (1246ms)
		BeginReloadAssembly (130ms)
			ExecutionOrderSort (0ms)
			DisableScriptedObjects (6ms)
			BackupInstance (0ms)
			ReleaseScriptingObjects (0ms)
			CreateAndSetChildDomain (35ms)
		EndReloadAssembly (1019ms)
			LoadAssemblies (85ms)
			RebuildTransferFunctionScriptingTraits (0ms)
			SetupTypeCache (278ms)
			ReleaseScriptCaches (2ms)
			RebuildScriptCaches (72ms)
			SetupLoadedEditorAssemblies (517ms)
				LogAssemblyErrors (0ms)
				InitializePlatformSupportModulesInManaged (12ms)
				SetLoadedEditorAssemblies (1ms)
				RefreshPlugins (2ms)
				BeforeProcessingInitializeOnLoad (104ms)
				ProcessInitializeOnLoadAttributes (289ms)
				ProcessInitializeOnLoadMethodAttributes (102ms)
				AfterProcessingInitializeOnLoad (7ms)
				EditorAssembliesLoaded (0ms)
			ExecutionOrderSort2 (0ms)
			AwakeInstancesAfterBackupRestoration (11ms)
Platform modules already initialized, skipping
Refreshing native plugins compatible for Editor in 2.80 ms, found 4 plugins.
Preloading 0 native plugins for Editor in 0.00 ms.
Unloading 5561 Unused Serialized files (Serialized files now loaded: 0)
Unloading 44 unused Assets / (1.3 MB). Loaded Objects now: 6164.
Memory consumption went from 217.9 MB to 216.6 MB.
Total: 4.753200 ms (FindLiveObjects: 0.480800 ms CreateObjectMapping: 0.525500 ms MarkObjects: 3.103200 ms  DeleteObjects: 0.642400 ms)

AssetImportParameters requested are different than current active one (requested -> active):
  custom:video-decoder-ogg-theora: a1e56fd34408186e4bbccfd4996cb3dc -> 
  custom:container-muxer-webm: aa71ff27fc2769a1b78a27578f13a17b -> 
  custom:container-demuxer-webm: 4f35f7cbe854078d1ac9338744f61a02 -> 
  custom:video-encoder-webm-vp8: eb34c28f22e8b96e1ab97ce403110664 -> 
  custom:video-codec-MediaFoundation-h265: 746d11721c4dcdbdad8f713fa42b33f4 -> 
  custom:audio-encoder-webm-vorbis: bf7c407c2cedff20999df2af8eb42d56 -> 
  custom:framework-win-MediaFoundation: 216162199b28c13a410421893ffa2e32 -> 
  custom:container-demuxer-ogg: 62fdf1f143b41e24485cea50d1cbac27 -> 
  custom:video-decoder-webm-vp8: 9c59270c3fd7afecdb556c50c9e8de78 -> 
  custom:audio-decoder-ogg-vorbis: bf7c407c2cedff20999df2af8eb42d56 -> 
========================================================================
Received Import Request.
  Time since last request: 79.394395 seconds.
  path: Assets/Sprites/NewPlayer/MC_Side_Sketch1.png
  artifactKey: Guid(6196d63d2c872224495c0a2e8251e19f) Importer(815301076,1909f56bfc062723c751e8b465ee728b)
Start importing Assets/Sprites/NewPlayer/MC_Side_Sketch1.png using Guid(6196d63d2c872224495c0a2e8251e19f) Importer(815301076,1909f56bfc062723c751e8b465ee728b)  -> (artifact id: 'cd609c94ecacb7b035f6f2a6a5fbc1d9') in 0.198057 seconds 
========================================================================
Received Import Request.
  Time since last request: 6.146185 seconds.
  path: Assets/Sprites/NewPlayer/MC_Side_Sketch1.png
  artifactKey: Guid(6196d63d2c872224495c0a2e8251e19f) Importer(815301076,1909f56bfc062723c751e8b465ee728b)
Start importing Assets/Sprites/NewPlayer/MC_Side_Sketch1.png using Guid(6196d63d2c872224495c0a2e8251e19f) Importer(815301076,1909f56bfc062723c751e8b465ee728b)  -> (artifact id: 'db4cedb75e158791a907910ef1df219e') in 0.152608 seconds 
========================================================================
Received Prepare
Registering precompiled user dll's ...
Registered in 0.006169 seconds.
Begin MonoManager ReloadAssembly
Symbol file LoadedFromMemory doesn't match image C:\Users\lukas\LeererOrdner\Semester2\Library\PackageCache\com.unity.visualscripting@1.7.6\Editor\VisualScripting.Core\Dependencies\YamlDotNet\Unity.VisualScripting.YamlDotNet.dll
Symbol file LoadedFromMemory doesn't match image C:\Users\lukas\LeererOrdner\Semester2\Library\PackageCache\com.unity.visualscripting@1.7.6\Editor\VisualScripting.Core\Dependencies\DotNetZip\Unity.VisualScripting.IonicZip.dll
Native extension for WindowsStandalone target not found
Refreshing native plugins compatible for Editor in 1.81 ms, found 4 plugins.
Preloading 0 native plugins for Editor in 0.00 ms.
Mono: successfully reloaded assembly
- Completed reload, in  1.203 seconds
Domain Reload Profiling:
	ReloadAssembly (1203ms)
		BeginReloadAssembly (127ms)
			ExecutionOrderSort (0ms)
			DisableScriptedObjects (6ms)
			BackupInstance (0ms)
			ReleaseScriptingObjects (0ms)
			CreateAndSetChildDomain (36ms)
		EndReloadAssembly (982ms)
			LoadAssemblies (91ms)
			RebuildTransferFunctionScriptingTraits (0ms)
			SetupTypeCache (250ms)
			ReleaseScriptCaches (2ms)
			RebuildScriptCaches (53ms)
			SetupLoadedEditorAssemblies (525ms)
				LogAssemblyErrors (0ms)
				InitializePlatformSupportModulesInManaged (15ms)
				SetLoadedEditorAssemblies (1ms)
				RefreshPlugins (2ms)
				BeforeProcessingInitializeOnLoad (106ms)
				ProcessInitializeOnLoadAttributes (290ms)
				ProcessInitializeOnLoadMethodAttributes (103ms)
				AfterProcessingInitializeOnLoad (8ms)
				EditorAssembliesLoaded (0ms)
			ExecutionOrderSort2 (0ms)
			AwakeInstancesAfterBackupRestoration (10ms)
Platform modules already initialized, skipping
Refreshing native plugins compatible for Editor in 2.49 ms, found 4 plugins.
Preloading 0 native plugins for Editor in 0.00 ms.
Unloading 5561 Unused Serialized files (Serialized files now loaded: 0)
Unloading 44 unused Assets / (1.3 MB). Loaded Objects now: 6179.
Memory consumption went from 218.1 MB to 216.8 MB.
Total: 4.041000 ms (FindLiveObjects: 0.436000 ms CreateObjectMapping: 0.389600 ms MarkObjects: 2.705200 ms  DeleteObjects: 0.509100 ms)

AssetImportParameters requested are different than current active one (requested -> active):
  custom:video-decoder-ogg-theora: a1e56fd34408186e4bbccfd4996cb3dc -> 
  custom:container-muxer-webm: aa71ff27fc2769a1b78a27578f13a17b -> 
  custom:container-demuxer-webm: 4f35f7cbe854078d1ac9338744f61a02 -> 
  custom:video-encoder-webm-vp8: eb34c28f22e8b96e1ab97ce403110664 -> 
  custom:video-codec-MediaFoundation-h265: 746d11721c4dcdbdad8f713fa42b33f4 -> 
  custom:audio-encoder-webm-vorbis: bf7c407c2cedff20999df2af8eb42d56 -> 
  custom:framework-win-MediaFoundation: 216162199b28c13a410421893ffa2e32 -> 
  custom:container-demuxer-ogg: 62fdf1f143b41e24485cea50d1cbac27 -> 
  custom:video-decoder-webm-vp8: 9c59270c3fd7afecdb556c50c9e8de78 -> 
  custom:audio-decoder-ogg-vorbis: bf7c407c2cedff20999df2af8eb42d56 -> 
========================================================================
Received Import Request.
  Time since last request: 47.666909 seconds.
  path: Assets/Sprites/NewPlayer/MC_Side_Sketch1.png
  artifactKey: Guid(6196d63d2c872224495c0a2e8251e19f) Importer(815301076,1909f56bfc062723c751e8b465ee728b)
Start importing Assets/Sprites/NewPlayer/MC_Side_Sketch1.png using Guid(6196d63d2c872224495c0a2e8251e19f) Importer(815301076,1909f56bfc062723c751e8b465ee728b)  -> (artifact id: '50b2a0515124b46aee29723acf8c752d') in 0.199809 seconds 
========================================================================
Received Prepare
Registering precompiled user dll's ...
Registered in 0.009942 seconds.
Begin MonoManager ReloadAssembly
Symbol file LoadedFromMemory doesn't match image C:\Users\lukas\LeererOrdner\Semester2\Library\PackageCache\com.unity.visualscripting@1.7.6\Editor\VisualScripting.Core\Dependencies\YamlDotNet\Unity.VisualScripting.YamlDotNet.dll
Symbol file LoadedFromMemory doesn't match image C:\Users\lukas\LeererOrdner\Semester2\Library\PackageCache\com.unity.visualscripting@1.7.6\Editor\VisualScripting.Core\Dependencies\DotNetZip\Unity.VisualScripting.IonicZip.dll
Native extension for WindowsStandalone target not found
Refreshing native plugins compatible for Editor in 1.79 ms, found 4 plugins.
Preloading 0 native plugins for Editor in 0.00 ms.
Mono: successfully reloaded assembly
- Completed reload, in  1.311 seconds
Domain Reload Profiling:
	ReloadAssembly (1312ms)
		BeginReloadAssembly (128ms)
			ExecutionOrderSort (0ms)
			DisableScriptedObjects (6ms)
			BackupInstance (0ms)
			ReleaseScriptingObjects (0ms)
			CreateAndSetChildDomain (37ms)
		EndReloadAssembly (1087ms)
			LoadAssemblies (84ms)
			RebuildTransferFunctionScriptingTraits (0ms)
			SetupTypeCache (308ms)
			ReleaseScriptCaches (2ms)
			RebuildScriptCaches (70ms)
			SetupLoadedEditorAssemblies (551ms)
				LogAssemblyErrors (0ms)
				InitializePlatformSupportModulesInManaged (14ms)
				SetLoadedEditorAssemblies (1ms)
				RefreshPlugins (2ms)
				BeforeProcessingInitializeOnLoad (104ms)
				ProcessInitializeOnLoadAttributes (318ms)
				ProcessInitializeOnLoadMethodAttributes (105ms)
				AfterProcessingInitializeOnLoad (7ms)
				EditorAssembliesLoaded (0ms)
			ExecutionOrderSort2 (0ms)
			AwakeInstancesAfterBackupRestoration (11ms)
Platform modules already initialized, skipping
Refreshing native plugins compatible for Editor in 4.21 ms, found 4 plugins.
Preloading 0 native plugins for Editor in 0.00 ms.
Unloading 5561 Unused Serialized files (Serialized files now loaded: 0)
Unloading 44 unused Assets / (1.3 MB). Loaded Objects now: 6194.
Memory consumption went from 218.1 MB to 216.9 MB.
Total: 5.358900 ms (FindLiveObjects: 0.479100 ms CreateObjectMapping: 0.532900 ms MarkObjects: 3.792300 ms  DeleteObjects: 0.552300 ms)

AssetImportParameters requested are different than current active one (requested -> active):
  custom:video-decoder-ogg-theora: a1e56fd34408186e4bbccfd4996cb3dc -> 
  custom:container-muxer-webm: aa71ff27fc2769a1b78a27578f13a17b -> 
  custom:container-demuxer-webm: 4f35f7cbe854078d1ac9338744f61a02 -> 
  custom:video-encoder-webm-vp8: eb34c28f22e8b96e1ab97ce403110664 -> 
  custom:video-codec-MediaFoundation-h265: 746d11721c4dcdbdad8f713fa42b33f4 -> 
  custom:audio-encoder-webm-vorbis: bf7c407c2cedff20999df2af8eb42d56 -> 
  custom:framework-win-MediaFoundation: 216162199b28c13a410421893ffa2e32 -> 
  custom:container-demuxer-ogg: 62fdf1f143b41e24485cea50d1cbac27 -> 
  custom:video-decoder-webm-vp8: 9c59270c3fd7afecdb556c50c9e8de78 -> 
  custom:audio-decoder-ogg-vorbis: bf7c407c2cedff20999df2af8eb42d56 -> 
========================================================================
Received Prepare
Registering precompiled user dll's ...
Registered in 0.006157 seconds.
Begin MonoManager ReloadAssembly
Symbol file LoadedFromMemory doesn't match image C:\Users\lukas\LeererOrdner\Semester2\Library\PackageCache\com.unity.visualscripting@1.7.6\Editor\VisualScripting.Core\Dependencies\YamlDotNet\Unity.VisualScripting.YamlDotNet.dll
Symbol file LoadedFromMemory doesn't match image C:\Users\lukas\LeererOrdner\Semester2\Library\PackageCache\com.unity.visualscripting@1.7.6\Editor\VisualScripting.Core\Dependencies\DotNetZip\Unity.VisualScripting.IonicZip.dll
Native extension for WindowsStandalone target not found
Refreshing native plugins compatible for Editor in 1.01 ms, found 4 plugins.
Preloading 0 native plugins for Editor in 0.00 ms.
Mono: successfully reloaded assembly
- Completed reload, in  1.259 seconds
Domain Reload Profiling:
	ReloadAssembly (1260ms)
		BeginReloadAssembly (118ms)
			ExecutionOrderSort (0ms)
			DisableScriptedObjects (7ms)
			BackupInstance (0ms)
			ReleaseScriptingObjects (0ms)
			CreateAndSetChildDomain (34ms)
		EndReloadAssembly (1043ms)
			LoadAssemblies (75ms)
			RebuildTransferFunctionScriptingTraits (0ms)
			SetupTypeCache (335ms)
			ReleaseScriptCaches (3ms)
			RebuildScriptCaches (70ms)
			SetupLoadedEditorAssemblies (455ms)
				LogAssemblyErrors (0ms)
				InitializePlatformSupportModulesInManaged (13ms)
				SetLoadedEditorAssemblies (0ms)
				RefreshPlugins (1ms)
				BeforeProcessingInitializeOnLoad (92ms)
				ProcessInitializeOnLoadAttributes (260ms)
				ProcessInitializeOnLoadMethodAttributes (82ms)
				AfterProcessingInitializeOnLoad (6ms)
				EditorAssembliesLoaded (0ms)
			ExecutionOrderSort2 (0ms)
			AwakeInstancesAfterBackupRestoration (15ms)
Platform modules already initialized, skipping
Refreshing native plugins compatible for Editor in 2.38 ms, found 4 plugins.
Preloading 0 native plugins for Editor in 0.00 ms.
Unloading 5561 Unused Serialized files (Serialized files now loaded: 0)
Unloading 44 unused Assets / (1.3 MB). Loaded Objects now: 6209.
Memory consumption went from 218.1 MB to 216.9 MB.
Total: 4.074500 ms (FindLiveObjects: 0.532500 ms CreateObjectMapping: 0.331300 ms MarkObjects: 2.711800 ms  DeleteObjects: 0.498200 ms)

AssetImportParameters requested are different than current active one (requested -> active):
  custom:video-decoder-ogg-theora: a1e56fd34408186e4bbccfd4996cb3dc -> 
  custom:container-muxer-webm: aa71ff27fc2769a1b78a27578f13a17b -> 
  custom:container-demuxer-webm: 4f35f7cbe854078d1ac9338744f61a02 -> 
  custom:video-encoder-webm-vp8: eb34c28f22e8b96e1ab97ce403110664 -> 
  custom:video-codec-MediaFoundation-h265: 746d11721c4dcdbdad8f713fa42b33f4 -> 
  custom:audio-encoder-webm-vorbis: bf7c407c2cedff20999df2af8eb42d56 -> 
  custom:framework-win-MediaFoundation: 216162199b28c13a410421893ffa2e32 -> 
  custom:container-demuxer-ogg: 62fdf1f143b41e24485cea50d1cbac27 -> 
  custom:video-decoder-webm-vp8: 9c59270c3fd7afecdb556c50c9e8de78 -> 
  custom:audio-decoder-ogg-vorbis: bf7c407c2cedff20999df2af8eb42d56 -> 
========================================================================
Received Prepare
Registering precompiled user dll's ...
Registered in 0.006223 seconds.
Begin MonoManager ReloadAssembly
Symbol file LoadedFromMemory doesn't match image C:\Users\lukas\LeererOrdner\Semester2\Library\PackageCache\com.unity.visualscripting@1.7.6\Editor\VisualScripting.Core\Dependencies\YamlDotNet\Unity.VisualScripting.YamlDotNet.dll
Symbol file LoadedFromMemory doesn't match image C:\Users\lukas\LeererOrdner\Semester2\Library\PackageCache\com.unity.visualscripting@1.7.6\Editor\VisualScripting.Core\Dependencies\DotNetZip\Unity.VisualScripting.IonicZip.dll
Native extension for WindowsStandalone target not found
Refreshing native plugins compatible for Editor in 1.72 ms, found 4 plugins.
Preloading 0 native plugins for Editor in 0.00 ms.
Mono: successfully reloaded assembly
- Completed reload, in  1.286 seconds
Domain Reload Profiling:
	ReloadAssembly (1287ms)
		BeginReloadAssembly (124ms)
			ExecutionOrderSort (0ms)
			DisableScriptedObjects (6ms)
			BackupInstance (0ms)
			ReleaseScriptingObjects (0ms)
			CreateAndSetChildDomain (38ms)
		EndReloadAssembly (1065ms)
			LoadAssemblies (80ms)
			RebuildTransferFunctionScriptingTraits (0ms)
			SetupTypeCache (270ms)
			ReleaseScriptCaches (7ms)
			RebuildScriptCaches (87ms)
			SetupLoadedEditorAssemblies (521ms)
				LogAssemblyErrors (0ms)
				InitializePlatformSupportModulesInManaged (12ms)
				SetLoadedEditorAssemblies (1ms)
				RefreshPlugins (2ms)
				BeforeProcessingInitializeOnLoad (104ms)
				ProcessInitializeOnLoadAttributes (291ms)
				ProcessInitializeOnLoadMethodAttributes (103ms)
				AfterProcessingInitializeOnLoad (8ms)
				EditorAssembliesLoaded (0ms)
			ExecutionOrderSort2 (0ms)
			AwakeInstancesAfterBackupRestoration (9ms)
Platform modules already initialized, skipping
Refreshing native plugins compatible for Editor in 2.94 ms, found 4 plugins.
Preloading 0 native plugins for Editor in 0.00 ms.
Unloading 5561 Unused Serialized files (Serialized files now loaded: 0)
Unloading 44 unused Assets / (1.3 MB). Loaded Objects now: 6224.
Memory consumption went from 218.0 MB to 216.7 MB.
Total: 6.068700 ms (FindLiveObjects: 0.679000 ms CreateObjectMapping: 0.548800 ms MarkObjects: 3.903800 ms  DeleteObjects: 0.935700 ms)

AssetImportParameters requested are different than current active one (requested -> active):
  custom:video-decoder-ogg-theora: a1e56fd34408186e4bbccfd4996cb3dc -> 
  custom:container-muxer-webm: aa71ff27fc2769a1b78a27578f13a17b -> 
  custom:container-demuxer-webm: 4f35f7cbe854078d1ac9338744f61a02 -> 
  custom:video-encoder-webm-vp8: eb34c28f22e8b96e1ab97ce403110664 -> 
  custom:video-codec-MediaFoundation-h265: 746d11721c4dcdbdad8f713fa42b33f4 -> 
  custom:audio-encoder-webm-vorbis: bf7c407c2cedff20999df2af8eb42d56 -> 
  custom:framework-win-MediaFoundation: 216162199b28c13a410421893ffa2e32 -> 
  custom:container-demuxer-ogg: 62fdf1f143b41e24485cea50d1cbac27 -> 
  custom:video-decoder-webm-vp8: 9c59270c3fd7afecdb556c50c9e8de78 -> 
  custom:audio-decoder-ogg-vorbis: bf7c407c2cedff20999df2af8eb42d56 -> 
========================================================================
Received Import Request.
  Time since last request: 513.769848 seconds.
  path: Assets/World Assets/EpilepsieTileMap/bot_left.png
  artifactKey: Guid(6d9d3c782541ad242aa171b2ebe029f7) Importer(815301076,1909f56bfc062723c751e8b465ee728b)
Start importing Assets/World Assets/EpilepsieTileMap/bot_left.png using Guid(6d9d3c782541ad242aa171b2ebe029f7) Importer(815301076,1909f56bfc062723c751e8b465ee728b)  -> (artifact id: 'aff16767c01189d1d0ca63ce8df92532') in 0.130479 seconds 
========================================================================
Received Import Request.
  Time since last request: 0.000033 seconds.
  path: Assets/World Assets/EpilepsieTileMap/Komplett.png
  artifactKey: Guid(4a758f32a684d7c42aff993c8ea38615) Importer(815301076,1909f56bfc062723c751e8b465ee728b)
Start importing Assets/World Assets/EpilepsieTileMap/Komplett.png using Guid(4a758f32a684d7c42aff993c8ea38615) Importer(815301076,1909f56bfc062723c751e8b465ee728b)  -> (artifact id: '96830426d3bdad0f5fcbaad9a2b38db1') in 0.168615 seconds 
========================================================================
Received Import Request.
  Time since last request: 0.000029 seconds.
  path: Assets/World Assets/EpilepsieTileMap/center.png
  artifactKey: Guid(73068735cf68fc1438cd6d33d1f5a8d6) Importer(815301076,1909f56bfc062723c751e8b465ee728b)
Start importing Assets/World Assets/EpilepsieTileMap/center.png using Guid(73068735cf68fc1438cd6d33d1f5a8d6) Importer(815301076,1909f56bfc062723c751e8b465ee728b)  -> (artifact id: '691789fc3d68517703e262a14e3361ec') in 0.057232 seconds 
========================================================================
Received Import Request.
  Time since last request: 0.000032 seconds.
  path: Assets/World Assets/EpilepsieTileMap/top_left.png
  artifactKey: Guid(6d67d5da1cefe774d98d0d8a83efbab4) Importer(815301076,1909f56bfc062723c751e8b465ee728b)
Start importing Assets/World Assets/EpilepsieTileMap/top_left.png using Guid(6d67d5da1cefe774d98d0d8a83efbab4) Importer(815301076,1909f56bfc062723c751e8b465ee728b)  -> (artifact id: 'e8c3dd0020d8ef9689122681b23a496d') in 0.057917 seconds 
========================================================================
Received Import Request.
  Time since last request: 0.000025 seconds.
  path: Assets/World Assets/EpilepsieTileMap/Schräge.png
  artifactKey: Guid(cfc072c6639674048a51c972702acf1a) Importer(815301076,1909f56bfc062723c751e8b465ee728b)
Start importing Assets/World Assets/EpilepsieTileMap/Schräge.png using Guid(cfc072c6639674048a51c972702acf1a) Importer(815301076,1909f56bfc062723c751e8b465ee728b)  -> (artifact id: 'b72c4b957a8409e0156b47b7104bed00') in 0.058006 seconds 
========================================================================
Received Import Request.
  Time since last request: 0.000021 seconds.
  path: Assets/World Assets/EpilepsieTileMap/center_left.png
  artifactKey: Guid(ca05ab6a6a6e12a478de3cc92108c007) Importer(815301076,1909f56bfc062723c751e8b465ee728b)
Start importing Assets/World Assets/EpilepsieTileMap/center_left.png using Guid(ca05ab6a6a6e12a478de3cc92108c007) Importer(815301076,1909f56bfc062723c751e8b465ee728b)  -> (artifact id: 'be654d8609f4bbd0409d215fdd91c7a1') in 0.050809 seconds 
========================================================================
Received Prepare
Registering precompiled user dll's ...
Registered in 0.008195 seconds.
Begin MonoManager ReloadAssembly
Symbol file LoadedFromMemory doesn't match image C:\Users\lukas\LeererOrdner\Semester2\Library\PackageCache\com.unity.visualscripting@1.7.6\Editor\VisualScripting.Core\Dependencies\YamlDotNet\Unity.VisualScripting.YamlDotNet.dll
Symbol file LoadedFromMemory doesn't match image C:\Users\lukas\LeererOrdner\Semester2\Library\PackageCache\com.unity.visualscripting@1.7.6\Editor\VisualScripting.Core\Dependencies\DotNetZip\Unity.VisualScripting.IonicZip.dll
Native extension for WindowsStandalone target not found
Refreshing native plugins compatible for Editor in 1.20 ms, found 4 plugins.
Preloading 0 native plugins for Editor in 0.00 ms.
Mono: successfully reloaded assembly
- Completed reload, in  1.410 seconds
Domain Reload Profiling:
	ReloadAssembly (1411ms)
		BeginReloadAssembly (133ms)
			ExecutionOrderSort (0ms)
			DisableScriptedObjects (5ms)
			BackupInstance (0ms)
			ReleaseScriptingObjects (0ms)
			CreateAndSetChildDomain (39ms)
		EndReloadAssembly (1174ms)
			LoadAssemblies (91ms)
			RebuildTransferFunctionScriptingTraits (0ms)
			SetupTypeCache (357ms)
			ReleaseScriptCaches (3ms)
			RebuildScriptCaches (73ms)
			SetupLoadedEditorAssemblies (564ms)
				LogAssemblyErrors (0ms)
				InitializePlatformSupportModulesInManaged (13ms)
				SetLoadedEditorAssemblies (1ms)
				RefreshPlugins (1ms)
				BeforeProcessingInitializeOnLoad (106ms)
				ProcessInitializeOnLoadAttributes (317ms)
				ProcessInitializeOnLoadMethodAttributes (116ms)
				AfterProcessingInitializeOnLoad (11ms)
				EditorAssembliesLoaded (0ms)
			ExecutionOrderSort2 (0ms)
			AwakeInstancesAfterBackupRestoration (14ms)
Platform modules already initialized, skipping
Refreshing native plugins compatible for Editor in 3.58 ms, found 4 plugins.
Preloading 0 native plugins for Editor in 0.00 ms.
Unloading 5561 Unused Serialized files (Serialized files now loaded: 0)
Unloading 44 unused Assets / (1.3 MB). Loaded Objects now: 6239.
Memory consumption went from 218.0 MB to 216.7 MB.
Total: 6.431300 ms (FindLiveObjects: 0.734900 ms CreateObjectMapping: 0.695800 ms MarkObjects: 3.980900 ms  DeleteObjects: 1.018600 ms)

AssetImportParameters requested are different than current active one (requested -> active):
  custom:video-decoder-ogg-theora: a1e56fd34408186e4bbccfd4996cb3dc -> 
  custom:container-muxer-webm: aa71ff27fc2769a1b78a27578f13a17b -> 
  custom:container-demuxer-webm: 4f35f7cbe854078d1ac9338744f61a02 -> 
  custom:video-encoder-webm-vp8: eb34c28f22e8b96e1ab97ce403110664 -> 
  custom:video-codec-MediaFoundation-h265: 746d11721c4dcdbdad8f713fa42b33f4 -> 
  custom:audio-encoder-webm-vorbis: bf7c407c2cedff20999df2af8eb42d56 -> 
  custom:framework-win-MediaFoundation: 216162199b28c13a410421893ffa2e32 -> 
  custom:container-demuxer-ogg: 62fdf1f143b41e24485cea50d1cbac27 -> 
  custom:video-decoder-webm-vp8: 9c59270c3fd7afecdb556c50c9e8de78 -> 
  custom:audio-decoder-ogg-vorbis: bf7c407c2cedff20999df2af8eb42d56 -> 
Editor requested this worker to shutdown with reason: Scaling down because of idle timeout
AssetImportWorker is now disconnected from the server
Process exiting
Exiting without the bug reporter. Application will terminate with return code 0